0 verbose cli /usr/local/bin/node /usr/local/bin/npm
1 info using npm@10.2.0
2 info using node@v21.1.0
3 timing npm:load:whichnode Completed in 0ms
4 timing config:load:defaults Completed in 1ms
5 timing config:load:file:/usr/local/lib/node_modules/npm/npmrc Completed in 0ms
6 timing config:load:builtin Completed in 0ms
7 timing config:load:cli Completed in 1ms
8 timing config:load:env Completed in 1ms
9 timing config:load:file:/Users/rose/Desktop/rosefolio/.npmrc Completed in 0ms
10 timing config:load:project Completed in 0ms
11 timing config:load:file:/Users/rose/.npmrc Completed in 0ms
12 timing config:load:user Completed in 0ms
13 timing config:load:file:/usr/local/etc/npmrc Completed in 0ms
14 timing config:load:global Completed in 1ms
15 timing config:load:setEnvs Completed in 0ms
16 timing config:load Completed in 4ms
17 timing npm:load:configload Completed in 4ms
18 timing config:load:flatten Completed in 1ms
19 timing npm:load:mkdirpcache Completed in 1ms
20 timing npm:load:mkdirplogs Completed in 0ms
21 verbose title npm install next react react-dom
22 verbose argv "install" "next" "react" "react-dom"
23 timing npm:load:setTitle Completed in 0ms
24 timing npm:load:display Completed in 1ms
25 verbose logfile logs-max:10 dir:/Users/rose/desktop/rosefolio/.npm-cache/_logs/2026-04-02T01_05_50_625Z-
26 verbose logfile /Users/rose/desktop/rosefolio/.npm-cache/_logs/2026-04-02T01_05_50_625Z-debug-0.log
27 timing npm:load:logFile Completed in 6ms
28 timing npm:load:timers Completed in 0ms
29 timing npm:load:configScope Completed in 0ms
30 timing npm:load Completed in 21ms
31 timing arborist:ctor Completed in 1ms
32 silly logfile done cleaning log files
33 timing arborist:ctor Completed in 0ms
34 timing idealTree:init Completed in 10ms
35 timing idealTree:userRequests Completed in 2ms
36 silly idealTree buildDeps
37 silly fetch manifest next@*
38 http fetch GET 200 https://registry.npmjs.org/next 339ms (cache miss)
39 silly fetch manifest @opentelemetry/api@^1.1.0
40 http fetch GET 200 https://registry.npmjs.org/@opentelemetry%2fapi 55ms (cache miss)
41 silly fetch manifest @playwright/test@^1.51.1
42 http fetch GET 200 https://registry.npmjs.org/@playwright%2ftest 108ms (cache miss)
43 silly fetch manifest babel-plugin-react-compiler@*
44 http fetch GET 200 https://registry.npmjs.org/babel-plugin-react-compiler 54ms (cache miss)
45 silly fetch manifest react@*
46 http fetch GET 200 https://registry.npmjs.org/react 88ms (cache miss)
47 silly fetch manifest react-dom@*
48 http fetch GET 200 https://registry.npmjs.org/react-dom 108ms (cache miss)
49 silly fetch manifest sass@^1.3.0
50 http fetch GET 200 https://registry.npmjs.org/sass 46ms (cache miss)
51 silly placeDep ROOT next@16.2.2 OK for: rosefolio@1.0.0 want: *
52 silly placeDep ROOT react@19.2.4 OK for: next@16.2.2 want: ^18.2.0 || 19.0.0-rc-de68d2f4-20241204 || ^19.0.0
53 silly placeDep ROOT react-dom@19.2.4 OK for: next@16.2.2 want: ^18.2.0 || 19.0.0-rc-de68d2f4-20241204 || ^19.0.0
54 silly fetch manifest postcss@8.4.31
55 silly fetch manifest @next/env@16.2.2
56 silly fetch manifest styled-jsx@5.1.6
57 silly fetch manifest @swc/helpers@0.5.15
58 silly fetch manifest caniuse-lite@^1.0.30001579
59 silly fetch manifest baseline-browser-mapping@^2.9.19
60 silly fetch manifest sharp@^0.34.5
61 silly fetch manifest @next/swc-darwin-x64@16.2.2
62 silly fetch manifest @next/swc-darwin-arm64@16.2.2
63 silly fetch manifest @next/swc-linux-x64-gnu@16.2.2
64 silly fetch manifest @next/swc-linux-x64-musl@16.2.2
65 silly fetch manifest @next/swc-win32-x64-msvc@16.2.2
66 silly fetch manifest @next/swc-linux-arm64-gnu@16.2.2
67 silly fetch manifest @next/swc-linux-arm64-musl@16.2.2
68 silly fetch manifest @next/swc-win32-arm64-msvc@16.2.2
69 silly fetch manifest scheduler@^0.27.0
70 silly placeDep ROOT react@19.2.4 REPLACE for: rosefolio@1.0.0 want: *
71 silly placeDep ROOT react-dom@19.2.4 REPLACE for: rosefolio@1.0.0 want: *
72 http fetch GET 200 https://registry.npmjs.org/postcss 53ms (cache miss)
73 http fetch GET 200 https://registry.npmjs.org/baseline-browser-mapping 187ms (cache miss)
74 http fetch GET 200 https://registry.npmjs.org/styled-jsx 245ms (cache miss)
75 http fetch GET 200 https://registry.npmjs.org/sharp 251ms (cache miss)
76 http fetch GET 200 https://registry.npmjs.org/caniuse-lite 255ms (cache miss)
77 http fetch GET 200 https://registry.npmjs.org/@swc%2fhelpers 263ms (cache miss)
78 http fetch GET 200 https://registry.npmjs.org/@next%2fswc-linux-arm64-gnu 301ms (cache miss)
79 http fetch GET 200 https://registry.npmjs.org/scheduler 312ms (cache miss)
80 http fetch GET 200 https://registry.npmjs.org/@next%2fswc-linux-x64-musl 355ms (cache miss)
81 http fetch GET 200 https://registry.npmjs.org/@next%2fswc-win32-x64-msvc 390ms (cache miss)
82 http fetch GET 200 https://registry.npmjs.org/@next%2fenv 402ms (cache miss)
83 http fetch GET 200 https://registry.npmjs.org/@next%2fswc-linux-arm64-musl 413ms (cache miss)
84 http fetch GET 200 https://registry.npmjs.org/@next%2fswc-win32-arm64-msvc 436ms (cache miss)
85 http fetch GET 200 https://registry.npmjs.org/@next%2fswc-linux-x64-gnu 446ms (cache miss)
86 http fetch GET 200 https://registry.npmjs.org/@next%2fswc-darwin-arm64 454ms (cache miss)
87 http fetch GET 200 https://registry.npmjs.org/@next%2fswc-darwin-x64 1498ms (cache miss)
88 timing idealTree:#root Completed in 2553ms
89 silly fetch manifest react@^18.2.0 || 19.0.0-rc-de68d2f4-20241204 || ^19.0.0
90 silly placeDep ROOT @next/env@16.2.2 OK for: next@16.2.2 want: 16.2.2
91 silly placeDep ROOT @next/swc-darwin-arm64@16.2.2 OK for: next@16.2.2 want: 16.2.2
92 silly placeDep ROOT @next/swc-darwin-x64@16.2.2 OK for: next@16.2.2 want: 16.2.2
93 silly placeDep ROOT @next/swc-linux-arm64-gnu@16.2.2 OK for: next@16.2.2 want: 16.2.2
94 silly placeDep ROOT @next/swc-linux-arm64-musl@16.2.2 OK for: next@16.2.2 want: 16.2.2
95 silly placeDep ROOT @next/swc-linux-x64-gnu@16.2.2 OK for: next@16.2.2 want: 16.2.2
96 silly placeDep ROOT @next/swc-linux-x64-musl@16.2.2 OK for: next@16.2.2 want: 16.2.2
97 silly placeDep ROOT @next/swc-win32-arm64-msvc@16.2.2 OK for: next@16.2.2 want: 16.2.2
98 silly placeDep ROOT @next/swc-win32-x64-msvc@16.2.2 OK for: next@16.2.2 want: 16.2.2
99 silly placeDep ROOT @swc/helpers@0.5.15 OK for: next@16.2.2 want: 0.5.15
100 silly fetch manifest tslib@^2.8.0
101 silly placeDep ROOT baseline-browser-mapping@2.10.13 OK for: next@16.2.2 want: ^2.9.19
102 silly placeDep ROOT caniuse-lite@1.0.30001784 OK for: next@16.2.2 want: ^1.0.30001579
103 silly placeDep ROOT postcss@8.4.31 OK for: next@16.2.2 want: 8.4.31
104 silly fetch manifest nanoid@^3.3.6
105 silly fetch manifest picocolors@^1.0.0
106 silly fetch manifest source-map-js@^1.0.2
107 silly placeDep ROOT sharp@0.34.5 OK for: next@16.2.2 want: ^0.34.5
108 silly fetch manifest semver@^7.7.3
109 silly fetch manifest @img/colour@^1.0.0
110 silly fetch manifest detect-libc@^2.1.2
111 silly fetch manifest @img/sharp-wasm32@0.34.5
112 silly fetch manifest @img/sharp-linux-arm@0.34.5
113 silly fetch manifest @img/sharp-linux-x64@0.34.5
114 silly fetch manifest @img/sharp-win32-x64@0.34.5
115 silly fetch manifest @img/sharp-darwin-x64@0.34.5
116 silly fetch manifest @img/sharp-win32-ia32@0.34.5
117 silly fetch manifest @img/sharp-linux-arm64@0.34.5
118 silly fetch manifest @img/sharp-linux-ppc64@0.34.5
119 silly fetch manifest @img/sharp-linux-s390x@0.34.5
120 silly fetch manifest @img/sharp-win32-arm64@0.34.5
121 silly fetch manifest @img/sharp-darwin-arm64@0.34.5
122 silly fetch manifest @img/sharp-linux-riscv64@0.34.5
123 silly fetch manifest @img/sharp-linuxmusl-x64@0.34.5
124 silly fetch manifest @img/sharp-linuxmusl-arm64@0.34.5
125 silly fetch manifest @img/sharp-libvips-linux-arm@1.2.4
126 silly fetch manifest @img/sharp-libvips-linux-x64@1.2.4
127 silly fetch manifest @img/sharp-libvips-darwin-x64@1.2.4
128 silly fetch manifest @img/sharp-libvips-linux-arm64@1.2.4
129 silly fetch manifest @img/sharp-libvips-linux-ppc64@1.2.4
130 silly fetch manifest @img/sharp-libvips-linux-s390x@1.2.4
131 silly fetch manifest @img/sharp-libvips-darwin-arm64@1.2.4
132 silly fetch manifest @img/sharp-libvips-linux-riscv64@1.2.4
133 silly fetch manifest @img/sharp-libvips-linuxmusl-x64@1.2.4
134 silly fetch manifest @img/sharp-libvips-linuxmusl-arm64@1.2.4
135 silly placeDep ROOT styled-jsx@5.1.6 OK for: next@16.2.2 want: 5.1.6
136 silly fetch manifest client-only@0.0.1
137 http fetch GET 200 https://registry.npmjs.org/detect-libc 45ms (cache miss)
138 http fetch GET 200 https://registry.npmjs.org/source-map-js 46ms (cache miss)
139 http fetch GET 200 https://registry.npmjs.org/nanoid 48ms (cache miss)
140 http fetch GET 200 https://registry.npmjs.org/semver 47ms (cache miss)
141 http fetch GET 200 https://registry.npmjs.org/picocolors 54ms (cache miss)
142 http fetch GET 200 https://registry.npmjs.org/@img%2fsharp-darwin-x64 53ms (cache miss)
143 http fetch GET 200 https://registry.npmjs.org/tslib 57ms (cache miss)
144 http fetch GET 200 https://registry.npmjs.org/@img%2fsharp-linux-arm 55ms (cache miss)
145 http fetch GET 200 https://registry.npmjs.org/@img%2fsharp-linux-arm64 55ms (cache miss)
146 http fetch GET 200 https://registry.npmjs.org/@img%2fsharp-linux-x64 58ms (cache miss)
147 http fetch GET 200 https://registry.npmjs.org/@img%2fsharp-wasm32 58ms (cache miss)
148 http fetch GET 200 https://registry.npmjs.org/@img%2fsharp-win32-x64 58ms (cache miss)
149 http fetch GET 200 https://registry.npmjs.org/@img%2fcolour 59ms (cache miss)
150 http fetch GET 200 https://registry.npmjs.org/@img%2fsharp-linux-s390x 86ms (cache miss)
151 http fetch GET 200 https://registry.npmjs.org/@img%2fsharp-darwin-arm64 87ms (cache miss)
152 http fetch GET 200 https://registry.npmjs.org/@img%2fsharp-win32-arm64 88ms (cache miss)
153 http fetch GET 200 https://registry.npmjs.org/@img%2fsharp-libvips-linux-arm 91ms (cache miss)
154 http fetch GET 200 https://registry.npmjs.org/@img%2fsharp-linuxmusl-x64 92ms (cache miss)
155 http fetch GET 200 https://registry.npmjs.org/@img%2fsharp-libvips-linux-s390x 98ms (cache miss)
156 http fetch GET 200 https://registry.npmjs.org/@img%2fsharp-libvips-linux-arm64 99ms (cache miss)
157 http fetch GET 200 https://registry.npmjs.org/@img%2fsharp-linuxmusl-arm64 99ms (cache miss)
158 http fetch GET 200 https://registry.npmjs.org/@img%2fsharp-libvips-darwin-arm64 100ms (cache miss)
159 http fetch GET 200 https://registry.npmjs.org/@img%2fsharp-libvips-darwin-x64 100ms (cache miss)
160 http fetch GET 200 https://registry.npmjs.org/@img%2fsharp-libvips-linux-x64 100ms (cache miss)
161 http fetch GET 200 https://registry.npmjs.org/@img%2fsharp-linux-riscv64 106ms (cache miss)
162 http fetch GET 200 https://registry.npmjs.org/@img%2fsharp-win32-ia32 109ms (cache miss)
163 http fetch GET 200 https://registry.npmjs.org/@img%2fsharp-linux-ppc64 118ms (cache miss)
164 http fetch GET 200 https://registry.npmjs.org/@img%2fsharp-libvips-linuxmusl-x64 123ms (cache miss)
165 http fetch GET 200 https://registry.npmjs.org/client-only 129ms (cache miss)
166 http fetch GET 200 https://registry.npmjs.org/@img%2fsharp-libvips-linuxmusl-arm64 132ms (cache miss)
167 http fetch GET 200 https://registry.npmjs.org/@img%2fsharp-libvips-linux-ppc64 148ms (cache miss)
168 http fetch GET 200 https://registry.npmjs.org/@img%2fsharp-libvips-linux-riscv64 187ms (cache miss)
169 timing idealTree:node_modules/next Completed in 200ms
170 timing idealTree:node_modules/@next/env Completed in 0ms
171 timing idealTree:node_modules/@next/swc-darwin-arm64 Completed in 0ms
172 timing idealTree:node_modules/@next/swc-darwin-x64 Completed in 0ms
173 timing idealTree:node_modules/@next/swc-linux-arm64-gnu Completed in 0ms
174 timing idealTree:node_modules/@next/swc-linux-arm64-musl Completed in 0ms
175 timing idealTree:node_modules/@next/swc-linux-x64-gnu Completed in 0ms
176 timing idealTree:node_modules/@next/swc-linux-x64-musl Completed in 0ms
177 timing idealTree:node_modules/@next/swc-win32-arm64-msvc Completed in 0ms
178 timing idealTree:node_modules/@next/swc-win32-x64-msvc Completed in 0ms
179 silly placeDep ROOT tslib@2.8.1 OK for: @swc/helpers@0.5.15 want: ^2.8.0
180 timing idealTree:node_modules/@swc/helpers Completed in 1ms
181 timing idealTree:node_modules/baseline-browser-mapping Completed in 0ms
182 timing idealTree:node_modules/caniuse-lite Completed in 0ms
183 silly placeDep ROOT nanoid@3.3.11 OK for: postcss@8.4.31 want: ^3.3.6
184 silly placeDep ROOT picocolors@1.1.1 OK for: postcss@8.4.31 want: ^1.0.0
185 silly placeDep ROOT source-map-js@1.2.1 OK for: postcss@8.4.31 want: ^1.0.2
186 timing idealTree:node_modules/postcss Completed in 1ms
187 timing idealTree:node_modules/nanoid Completed in 0ms
188 timing idealTree:node_modules/picocolors Completed in 0ms
189 timing idealTree:node_modules/react Completed in 0ms
190 silly placeDep ROOT scheduler@0.27.0 OK for: react-dom@19.2.4 want: ^0.27.0
191 timing idealTree:node_modules/react-dom Completed in 1ms
192 timing idealTree:node_modules/scheduler Completed in 0ms
193 silly placeDep ROOT @img/colour@1.1.0 OK for: sharp@0.34.5 want: ^1.0.0
194 silly placeDep ROOT @img/sharp-darwin-arm64@0.34.5 OK for: sharp@0.34.5 want: 0.34.5
195 silly placeDep ROOT @img/sharp-darwin-x64@0.34.5 OK for: sharp@0.34.5 want: 0.34.5
196 silly placeDep ROOT @img/sharp-libvips-darwin-arm64@1.2.4 OK for: sharp@0.34.5 want: 1.2.4
197 silly placeDep ROOT @img/sharp-libvips-darwin-x64@1.2.4 OK for: sharp@0.34.5 want: 1.2.4
198 silly placeDep ROOT @img/sharp-libvips-linux-arm@1.2.4 OK for: sharp@0.34.5 want: 1.2.4
199 silly placeDep ROOT @img/sharp-libvips-linux-arm64@1.2.4 OK for: sharp@0.34.5 want: 1.2.4
200 silly placeDep ROOT @img/sharp-libvips-linux-ppc64@1.2.4 OK for: sharp@0.34.5 want: 1.2.4
201 silly placeDep ROOT @img/sharp-libvips-linux-riscv64@1.2.4 OK for: sharp@0.34.5 want: 1.2.4
202 silly placeDep ROOT @img/sharp-libvips-linux-s390x@1.2.4 OK for: sharp@0.34.5 want: 1.2.4
203 silly placeDep ROOT @img/sharp-libvips-linux-x64@1.2.4 OK for: sharp@0.34.5 want: 1.2.4
204 silly placeDep ROOT @img/sharp-libvips-linuxmusl-arm64@1.2.4 OK for: sharp@0.34.5 want: 1.2.4
205 silly placeDep ROOT @img/sharp-libvips-linuxmusl-x64@1.2.4 OK for: sharp@0.34.5 want: 1.2.4
206 silly placeDep ROOT @img/sharp-linux-arm@0.34.5 OK for: sharp@0.34.5 want: 0.34.5
207 silly placeDep ROOT @img/sharp-linux-arm64@0.34.5 OK for: sharp@0.34.5 want: 0.34.5
208 silly placeDep ROOT @img/sharp-linux-ppc64@0.34.5 OK for: sharp@0.34.5 want: 0.34.5
209 silly placeDep ROOT @img/sharp-linux-riscv64@0.34.5 OK for: sharp@0.34.5 want: 0.34.5
210 silly placeDep ROOT @img/sharp-linux-s390x@0.34.5 OK for: sharp@0.34.5 want: 0.34.5
211 silly placeDep ROOT @img/sharp-linux-x64@0.34.5 OK for: sharp@0.34.5 want: 0.34.5
212 silly placeDep ROOT @img/sharp-linuxmusl-arm64@0.34.5 OK for: sharp@0.34.5 want: 0.34.5
213 silly placeDep ROOT @img/sharp-linuxmusl-x64@0.34.5 OK for: sharp@0.34.5 want: 0.34.5
214 silly placeDep ROOT @img/sharp-wasm32@0.34.5 OK for: sharp@0.34.5 want: 0.34.5
215 silly fetch manifest @emnapi/runtime@^1.7.0
216 silly placeDep ROOT @img/sharp-win32-arm64@0.34.5 OK for: sharp@0.34.5 want: 0.34.5
217 silly placeDep ROOT @img/sharp-win32-ia32@0.34.5 OK for: sharp@0.34.5 want: 0.34.5
218 silly placeDep ROOT @img/sharp-win32-x64@0.34.5 OK for: sharp@0.34.5 want: 0.34.5
219 silly placeDep ROOT detect-libc@2.1.2 OK for: sharp@0.34.5 want: ^2.1.2
220 silly placeDep ROOT semver@7.7.4 OK for: sharp@0.34.5 want: ^7.7.3
221 http fetch GET 200 https://registry.npmjs.org/@emnapi%2fruntime 42ms (cache miss)
222 timing idealTree:node_modules/sharp Completed in 53ms
223 timing idealTree:node_modules/@img/colour Completed in 0ms
224 timing idealTree:node_modules/@img/sharp-darwin-arm64 Completed in 0ms
225 timing idealTree:node_modules/@img/sharp-darwin-x64 Completed in 0ms
226 timing idealTree:node_modules/@img/sharp-libvips-darwin-arm64 Completed in 0ms
227 timing idealTree:node_modules/@img/sharp-libvips-darwin-x64 Completed in 0ms
228 timing idealTree:node_modules/@img/sharp-libvips-linux-arm Completed in 0ms
229 timing idealTree:node_modules/@img/sharp-libvips-linux-arm64 Completed in 0ms
230 timing idealTree:node_modules/@img/sharp-libvips-linux-ppc64 Completed in 0ms
231 timing idealTree:node_modules/@img/sharp-libvips-linux-riscv64 Completed in 0ms
232 timing idealTree:node_modules/@img/sharp-libvips-linux-s390x Completed in 0ms
233 timing idealTree:node_modules/@img/sharp-libvips-linux-x64 Completed in 0ms
234 timing idealTree:node_modules/@img/sharp-libvips-linuxmusl-arm64 Completed in 0ms
235 timing idealTree:node_modules/@img/sharp-libvips-linuxmusl-x64 Completed in 0ms
236 timing idealTree:node_modules/@img/sharp-linux-arm Completed in 0ms
237 timing idealTree:node_modules/@img/sharp-linux-arm64 Completed in 0ms
238 timing idealTree:node_modules/@img/sharp-linux-ppc64 Completed in 0ms
239 timing idealTree:node_modules/@img/sharp-linux-riscv64 Completed in 0ms
240 timing idealTree:node_modules/@img/sharp-linux-s390x Completed in 0ms
241 timing idealTree:node_modules/@img/sharp-linux-x64 Completed in 0ms
242 timing idealTree:node_modules/@img/sharp-linuxmusl-arm64 Completed in 0ms
243 timing idealTree:node_modules/@img/sharp-linuxmusl-x64 Completed in 0ms
244 silly placeDep ROOT @emnapi/runtime@1.9.1 OK for: @img/sharp-wasm32@0.34.5 want: ^1.7.0
245 timing idealTree:node_modules/@img/sharp-wasm32 Completed in 1ms
246 timing idealTree:node_modules/@emnapi/runtime Completed in 0ms
247 timing idealTree:node_modules/@img/sharp-win32-arm64 Completed in 0ms
248 timing idealTree:node_modules/@img/sharp-win32-ia32 Completed in 0ms
249 timing idealTree:node_modules/@img/sharp-win32-x64 Completed in 0ms
250 timing idealTree:node_modules/detect-libc Completed in 0ms
251 timing idealTree:node_modules/semver Completed in 0ms
252 timing idealTree:node_modules/source-map-js Completed in 0ms
253 silly placeDep ROOT client-only@0.0.1 OK for: styled-jsx@5.1.6 want: 0.0.1
254 timing idealTree:node_modules/styled-jsx Completed in 0ms
255 timing idealTree:node_modules/client-only Completed in 0ms
256 timing idealTree:node_modules/tslib Completed in 0ms
257 timing idealTree:buildDeps Completed in 2811ms
258 timing idealTree:fixDepFlags Completed in 1ms
259 timing idealTree Completed in 2825ms
260 timing reify:loadTrees Completed in 2826ms
261 timing reify:diffTrees Completed in 1ms
262 silly reify moves {}
263 timing reify:retireShallow Completed in 0ms
264 timing reify:createSparse Completed in 5ms
265 timing reify:loadBundles Completed in 0ms
266 silly audit bulk request {
266 silly audit   next: [ '16.2.2' ],
266 silly audit   react: [ '19.2.4' ],
266 silly audit   'react-dom': [ '19.2.4' ],
266 silly audit   '@next/env': [ '16.2.2' ],
266 silly audit   '@next/swc-darwin-arm64': [ '16.2.2' ],
266 silly audit   '@next/swc-darwin-x64': [ '16.2.2' ],
266 silly audit   '@next/swc-linux-arm64-gnu': [ '16.2.2' ],
266 silly audit   '@next/swc-linux-arm64-musl': [ '16.2.2' ],
266 silly audit   '@next/swc-linux-x64-gnu': [ '16.2.2' ],
266 silly audit   '@next/swc-linux-x64-musl': [ '16.2.2' ],
266 silly audit   '@next/swc-win32-arm64-msvc': [ '16.2.2' ],
266 silly audit   '@next/swc-win32-x64-msvc': [ '16.2.2' ],
266 silly audit   '@swc/helpers': [ '0.5.15' ],
266 silly audit   'baseline-browser-mapping': [ '2.10.13' ],
266 silly audit   'caniuse-lite': [ '1.0.30001784' ],
266 silly audit   postcss: [ '8.4.31' ],
266 silly audit   sharp: [ '0.34.5' ],
266 silly audit   'styled-jsx': [ '5.1.6' ],
266 silly audit   tslib: [ '2.8.1' ],
266 silly audit   nanoid: [ '3.3.11' ],
266 silly audit   picocolors: [ '1.1.1' ],
266 silly audit   'source-map-js': [ '1.2.1' ],
266 silly audit   scheduler: [ '0.27.0' ],
266 silly audit   '@img/colour': [ '1.1.0' ],
266 silly audit   '@img/sharp-darwin-arm64': [ '0.34.5' ],
266 silly audit   '@img/sharp-darwin-x64': [ '0.34.5' ],
266 silly audit   '@img/sharp-libvips-darwin-arm64': [ '1.2.4' ],
266 silly audit   '@img/sharp-libvips-darwin-x64': [ '1.2.4' ],
266 silly audit   '@img/sharp-libvips-linux-arm': [ '1.2.4' ],
266 silly audit   '@img/sharp-libvips-linux-arm64': [ '1.2.4' ],
266 silly audit   '@img/sharp-libvips-linux-ppc64': [ '1.2.4' ],
266 silly audit   '@img/sharp-libvips-linux-riscv64': [ '1.2.4' ],
266 silly audit   '@img/sharp-libvips-linux-s390x': [ '1.2.4' ],
266 silly audit   '@img/sharp-libvips-linux-x64': [ '1.2.4' ],
266 silly audit   '@img/sharp-libvips-linuxmusl-arm64': [ '1.2.4' ],
266 silly audit   '@img/sharp-libvips-linuxmusl-x64': [ '1.2.4' ],
266 silly audit   '@img/sharp-linux-arm': [ '0.34.5' ],
266 silly audit   '@img/sharp-linux-arm64': [ '0.34.5' ],
266 silly audit   '@img/sharp-linux-ppc64': [ '0.34.5' ],
266 silly audit   '@img/sharp-linux-riscv64': [ '0.34.5' ],
266 silly audit   '@img/sharp-linux-s390x': [ '0.34.5' ],
266 silly audit   '@img/sharp-linux-x64': [ '0.34.5' ],
266 silly audit   '@img/sharp-linuxmusl-arm64': [ '0.34.5' ],
266 silly audit   '@img/sharp-linuxmusl-x64': [ '0.34.5' ],
266 silly audit   '@img/sharp-wasm32': [ '0.34.5' ],
266 silly audit   '@img/sharp-win32-arm64': [ '0.34.5' ],
266 silly audit   '@img/sharp-win32-ia32': [ '0.34.5' ],
266 silly audit   '@img/sharp-win32-x64': [ '0.34.5' ],
266 silly audit   'detect-libc': [ '2.1.2' ],
266 silly audit   semver: [ '7.7.4' ],
266 silly audit   '@emnapi/runtime': [ '1.9.1' ],
266 silly audit   'client-only': [ '0.0.1' ]
266 silly audit }
267 verbose reify failed optional dependency /Users/rose/Desktop/rosefolio/node_modules/@img/sharp-win32-x64
268 silly reify mark deleted [ '/Users/rose/Desktop/rosefolio/node_modules/@img/sharp-win32-x64' ]
269 verbose reify failed optional dependency /Users/rose/Desktop/rosefolio/node_modules/@img/sharp-win32-ia32
270 silly reify mark deleted [ '/Users/rose/Desktop/rosefolio/node_modules/@img/sharp-win32-ia32' ]
271 verbose reify failed optional dependency /Users/rose/Desktop/rosefolio/node_modules/@img/sharp-win32-arm64
272 silly reify mark deleted [ '/Users/rose/Desktop/rosefolio/node_modules/@img/sharp-win32-arm64' ]
273 verbose reify failed optional dependency /Users/rose/Desktop/rosefolio/node_modules/@img/sharp-wasm32
274 silly reify mark deleted [ '/Users/rose/Desktop/rosefolio/node_modules/@img/sharp-wasm32' ]
275 verbose reify failed optional dependency /Users/rose/Desktop/rosefolio/node_modules/@emnapi/runtime
276 silly reify mark deleted [ '/Users/rose/Desktop/rosefolio/node_modules/@emnapi/runtime' ]
277 verbose reify failed optional dependency /Users/rose/Desktop/rosefolio/node_modules/@img/sharp-linuxmusl-x64
278 silly reify mark deleted [
278 silly reify   '/Users/rose/Desktop/rosefolio/node_modules/@img/sharp-linuxmusl-x64'
278 silly reify ]
279 verbose reify failed optional dependency /Users/rose/Desktop/rosefolio/node_modules/@img/sharp-linuxmusl-arm64
280 silly reify mark deleted [
280 silly reify   '/Users/rose/Desktop/rosefolio/node_modules/@img/sharp-linuxmusl-arm64'
280 silly reify ]
281 verbose reify failed optional dependency /Users/rose/Desktop/rosefolio/node_modules/@img/sharp-linux-x64
282 silly reify mark deleted [ '/Users/rose/Desktop/rosefolio/node_modules/@img/sharp-linux-x64' ]
283 verbose reify failed optional dependency /Users/rose/Desktop/rosefolio/node_modules/@img/sharp-linux-s390x
284 silly reify mark deleted [ '/Users/rose/Desktop/rosefolio/node_modules/@img/sharp-linux-s390x' ]
285 verbose reify failed optional dependency /Users/rose/Desktop/rosefolio/node_modules/@img/sharp-linux-riscv64
286 silly reify mark deleted [
286 silly reify   '/Users/rose/Desktop/rosefolio/node_modules/@img/sharp-linux-riscv64'
286 silly reify ]
287 verbose reify failed optional dependency /Users/rose/Desktop/rosefolio/node_modules/@img/sharp-linux-ppc64
288 silly reify mark deleted [ '/Users/rose/Desktop/rosefolio/node_modules/@img/sharp-linux-ppc64' ]
289 verbose reify failed optional dependency /Users/rose/Desktop/rosefolio/node_modules/@img/sharp-linux-arm64
290 silly reify mark deleted [ '/Users/rose/Desktop/rosefolio/node_modules/@img/sharp-linux-arm64' ]
291 verbose reify failed optional dependency /Users/rose/Desktop/rosefolio/node_modules/@img/sharp-linux-arm
292 silly reify mark deleted [ '/Users/rose/Desktop/rosefolio/node_modules/@img/sharp-linux-arm' ]
293 verbose reify failed optional dependency /Users/rose/Desktop/rosefolio/node_modules/@img/sharp-libvips-linuxmusl-x64
294 silly reify mark deleted [
294 silly reify   '/Users/rose/Desktop/rosefolio/node_modules/@img/sharp-libvips-linuxmusl-x64'
294 silly reify ]
295 verbose reify failed optional dependency /Users/rose/Desktop/rosefolio/node_modules/@img/sharp-libvips-linuxmusl-arm64
296 silly reify mark deleted [
296 silly reify   '/Users/rose/Desktop/rosefolio/node_modules/@img/sharp-libvips-linuxmusl-arm64'
296 silly reify ]
297 verbose reify failed optional dependency /Users/rose/Desktop/rosefolio/node_modules/@img/sharp-libvips-linux-x64
298 silly reify mark deleted [
298 silly reify   '/Users/rose/Desktop/rosefolio/node_modules/@img/sharp-libvips-linux-x64'
298 silly reify ]
299 verbose reify failed optional dependency /Users/rose/Desktop/rosefolio/node_modules/@img/sharp-libvips-linux-s390x
300 silly reify mark deleted [
300 silly reify   '/Users/rose/Desktop/rosefolio/node_modules/@img/sharp-libvips-linux-s390x'
300 silly reify ]
301 verbose reify failed optional dependency /Users/rose/Desktop/rosefolio/node_modules/@img/sharp-libvips-linux-riscv64
302 silly reify mark deleted [
302 silly reify   '/Users/rose/Desktop/rosefolio/node_modules/@img/sharp-libvips-linux-riscv64'
302 silly reify ]
303 verbose reify failed optional dependency /Users/rose/Desktop/rosefolio/node_modules/@img/sharp-libvips-linux-ppc64
304 silly reify mark deleted [
304 silly reify   '/Users/rose/Desktop/rosefolio/node_modules/@img/sharp-libvips-linux-ppc64'
304 silly reify ]
305 verbose reify failed optional dependency /Users/rose/Desktop/rosefolio/node_modules/@img/sharp-libvips-linux-arm64
306 silly reify mark deleted [
306 silly reify   '/Users/rose/Desktop/rosefolio/node_modules/@img/sharp-libvips-linux-arm64'
306 silly reify ]
307 verbose reify failed optional dependency /Users/rose/Desktop/rosefolio/node_modules/@img/sharp-libvips-linux-arm
308 silly reify mark deleted [
308 silly reify   '/Users/rose/Desktop/rosefolio/node_modules/@img/sharp-libvips-linux-arm'
308 silly reify ]
309 verbose reify failed optional dependency /Users/rose/Desktop/rosefolio/node_modules/@img/sharp-libvips-darwin-x64
310 silly reify mark deleted [
310 silly reify   '/Users/rose/Desktop/rosefolio/node_modules/@img/sharp-libvips-darwin-x64'
310 silly reify ]
311 verbose reify failed optional dependency /Users/rose/Desktop/rosefolio/node_modules/@img/sharp-darwin-x64
312 silly reify mark deleted [ '/Users/rose/Desktop/rosefolio/node_modules/@img/sharp-darwin-x64' ]
313 verbose reify failed optional dependency /Users/rose/Desktop/rosefolio/node_modules/@next/swc-win32-x64-msvc
314 silly reify mark deleted [
314 silly reify   '/Users/rose/Desktop/rosefolio/node_modules/@next/swc-win32-x64-msvc'
314 silly reify ]
315 verbose reify failed optional dependency /Users/rose/Desktop/rosefolio/node_modules/@next/swc-win32-arm64-msvc
316 silly reify mark deleted [
316 silly reify   '/Users/rose/Desktop/rosefolio/node_modules/@next/swc-win32-arm64-msvc'
316 silly reify ]
317 verbose reify failed optional dependency /Users/rose/Desktop/rosefolio/node_modules/@next/swc-linux-x64-musl
318 silly reify mark deleted [
318 silly reify   '/Users/rose/Desktop/rosefolio/node_modules/@next/swc-linux-x64-musl'
318 silly reify ]
319 verbose reify failed optional dependency /Users/rose/Desktop/rosefolio/node_modules/@next/swc-linux-x64-gnu
320 silly reify mark deleted [
320 silly reify   '/Users/rose/Desktop/rosefolio/node_modules/@next/swc-linux-x64-gnu'
320 silly reify ]
321 verbose reify failed optional dependency /Users/rose/Desktop/rosefolio/node_modules/@next/swc-linux-arm64-musl
322 silly reify mark deleted [
322 silly reify   '/Users/rose/Desktop/rosefolio/node_modules/@next/swc-linux-arm64-musl'
322 silly reify ]
323 verbose reify failed optional dependency /Users/rose/Desktop/rosefolio/node_modules/@next/swc-linux-arm64-gnu
324 silly reify mark deleted [
324 silly reify   '/Users/rose/Desktop/rosefolio/node_modules/@next/swc-linux-arm64-gnu'
324 silly reify ]
325 verbose reify failed optional dependency /Users/rose/Desktop/rosefolio/node_modules/@next/swc-darwin-x64
326 silly reify mark deleted [ '/Users/rose/Desktop/rosefolio/node_modules/@next/swc-darwin-x64' ]
327 timing reifyNode:node_modules/@img/sharp-win32-x64 Completed in 6ms
328 timing reifyNode:node_modules/@img/sharp-win32-ia32 Completed in 6ms
329 timing reifyNode:node_modules/@img/sharp-win32-arm64 Completed in 6ms
330 timing reifyNode:node_modules/@img/sharp-wasm32 Completed in 6ms
331 timing reifyNode:node_modules/@img/sharp-linuxmusl-x64 Completed in 6ms
332 timing reifyNode:node_modules/@img/sharp-linuxmusl-arm64 Completed in 6ms
333 timing reifyNode:node_modules/@img/sharp-linux-x64 Completed in 5ms
334 timing reifyNode:node_modules/@img/sharp-linux-s390x Completed in 5ms
335 timing reifyNode:node_modules/@img/sharp-linux-riscv64 Completed in 5ms
336 timing reifyNode:node_modules/@img/sharp-linux-ppc64 Completed in 5ms
337 timing reifyNode:node_modules/@img/sharp-linux-arm64 Completed in 5ms
338 timing reifyNode:node_modules/@img/sharp-linux-arm Completed in 5ms
339 timing reifyNode:node_modules/@img/sharp-libvips-linuxmusl-x64 Completed in 5ms
340 timing reifyNode:node_modules/@img/sharp-libvips-linuxmusl-arm64 Completed in 5ms
341 timing reifyNode:node_modules/@img/sharp-libvips-linux-x64 Completed in 5ms
342 timing reifyNode:node_modules/@img/sharp-libvips-linux-s390x Completed in 5ms
343 timing reifyNode:node_modules/@img/sharp-libvips-linux-riscv64 Completed in 5ms
344 timing reifyNode:node_modules/@img/sharp-libvips-linux-ppc64 Completed in 5ms
345 timing reifyNode:node_modules/@img/sharp-libvips-linux-arm64 Completed in 5ms
346 timing reifyNode:node_modules/@img/sharp-libvips-linux-arm Completed in 5ms
347 timing reifyNode:node_modules/@img/sharp-libvips-darwin-x64 Completed in 5ms
348 timing reifyNode:node_modules/@img/sharp-darwin-x64 Completed in 5ms
349 timing reifyNode:node_modules/@next/swc-win32-x64-msvc Completed in 5ms
350 timing reifyNode:node_modules/@next/swc-win32-arm64-msvc Completed in 5ms
351 timing reifyNode:node_modules/@next/swc-linux-x64-musl Completed in 5ms
352 timing reifyNode:node_modules/@next/swc-linux-x64-gnu Completed in 5ms
353 timing reifyNode:node_modules/@next/swc-linux-arm64-musl Completed in 5ms
354 timing reifyNode:node_modules/@next/swc-linux-arm64-gnu Completed in 5ms
355 timing reifyNode:node_modules/@next/swc-darwin-x64 Completed in 5ms
356 silly tarball no local data for client-only@https://registry.npmjs.org/client-only/-/client-only-0.0.1.tgz. Extracting by manifest.
357 silly tarball no local data for @emnapi/runtime@https://registry.npmjs.org/@emnapi/runtime/-/runtime-1.9.1.tgz. Extracting by manifest.
358 silly tarball no local data for semver@https://registry.npmjs.org/semver/-/semver-7.7.4.tgz. Extracting by manifest.
359 silly tarball no local data for @img/sharp-libvips-darwin-arm64@https://registry.npmjs.org/@img/sharp-libvips-darwin-arm64/-/sharp-libvips-darwin-arm64-1.2.4.tgz. Extracting by manifest.
360 silly tarball no local data for @img/colour@https://registry.npmjs.org/@img/colour/-/colour-1.1.0.tgz. Extracting by manifest.
361 silly tarball no local data for @img/sharp-darwin-arm64@https://registry.npmjs.org/@img/sharp-darwin-arm64/-/sharp-darwin-arm64-0.34.5.tgz. Extracting by manifest.
362 silly tarball no local data for scheduler@https://registry.npmjs.org/scheduler/-/scheduler-0.27.0.tgz. Extracting by manifest.
363 silly tarball no local data for source-map-js@https://registry.npmjs.org/source-map-js/-/source-map-js-1.2.1.tgz. Extracting by manifest.
364 silly tarball no local data for detect-libc@https://registry.npmjs.org/detect-libc/-/detect-libc-2.1.2.tgz. Extracting by manifest.
365 silly tarball no local data for tslib@https://registry.npmjs.org/tslib/-/tslib-2.8.1.tgz. Extracting by manifest.
366 silly tarball no local data for nanoid@https://registry.npmjs.org/nanoid/-/nanoid-3.3.11.tgz. Extracting by manifest.
367 silly tarball no local data for picocolors@https://registry.npmjs.org/picocolors/-/picocolors-1.1.1.tgz. Extracting by manifest.
368 silly tarball no local data for styled-jsx@https://registry.npmjs.org/styled-jsx/-/styled-jsx-5.1.6.tgz. Extracting by manifest.
369 silly tarball no local data for postcss@https://registry.npmjs.org/postcss/-/postcss-8.4.31.tgz. Extracting by manifest.
370 silly tarball no local data for sharp@https://registry.npmjs.org/sharp/-/sharp-0.34.5.tgz. Extracting by manifest.
371 silly tarball no local data for @swc/helpers@https://registry.npmjs.org/@swc/helpers/-/helpers-0.5.15.tgz. Extracting by manifest.
372 silly tarball no local data for caniuse-lite@https://registry.npmjs.org/caniuse-lite/-/caniuse-lite-1.0.30001784.tgz. Extracting by manifest.
373 silly tarball no local data for baseline-browser-mapping@https://registry.npmjs.org/baseline-browser-mapping/-/baseline-browser-mapping-2.10.13.tgz. Extracting by manifest.
374 silly tarball no local data for react-dom@https://registry.npmjs.org/react-dom/-/react-dom-19.2.4.tgz. Extracting by manifest.
375 silly tarball no local data for @next/env@https://registry.npmjs.org/@next/env/-/env-16.2.2.tgz. Extracting by manifest.
376 silly tarball no local data for @next/swc-darwin-arm64@https://registry.npmjs.org/@next/swc-darwin-arm64/-/swc-darwin-arm64-16.2.2.tgz. Extracting by manifest.
377 silly tarball no local data for react@https://registry.npmjs.org/react/-/react-19.2.4.tgz. Extracting by manifest.
378 silly tarball no local data for next@https://registry.npmjs.org/next/-/next-16.2.2.tgz. Extracting by manifest.
379 http fetch POST 200 https://registry.npmjs.org/-/npm/v1/security/advisories/bulk 59ms
380 timing auditReport:getReport Completed in 61ms
381 silly audit report {}
382 timing auditReport:init Completed in 0ms
383 timing reify:audit Completed in 62ms
384 http fetch GET 200 https://registry.npmjs.org/client-only/-/client-only-0.0.1.tgz 59ms (cache miss)
385 timing reifyNode:node_modules/client-only Completed in 71ms
386 http fetch GET 200 https://registry.npmjs.org/detect-libc/-/detect-libc-2.1.2.tgz 62ms (cache miss)
387 timing reifyNode:node_modules/detect-libc Completed in 76ms
388 http fetch GET 200 https://registry.npmjs.org/picocolors/-/picocolors-1.1.1.tgz 67ms (cache miss)
389 timing reifyNode:node_modules/picocolors Completed in 80ms
390 http fetch GET 200 https://registry.npmjs.org/tslib/-/tslib-2.8.1.tgz 73ms (cache miss)
391 http fetch GET 200 https://registry.npmjs.org/@img/colour/-/colour-1.1.0.tgz 76ms (cache miss)
392 timing reifyNode:node_modules/@img/colour Completed in 89ms
393 timing reifyNode:node_modules/tslib Completed in 89ms
394 http fetch GET 200 https://registry.npmjs.org/scheduler/-/scheduler-0.27.0.tgz 78ms (cache miss)
395 http fetch GET 200 https://registry.npmjs.org/nanoid/-/nanoid-3.3.11.tgz 79ms (cache miss)
396 timing reifyNode:node_modules/scheduler Completed in 91ms
397 http fetch GET 200 https://registry.npmjs.org/source-map-js/-/source-map-js-1.2.1.tgz 80ms (cache miss)
398 timing reifyNode:node_modules/nanoid Completed in 93ms
399 timing reifyNode:node_modules/source-map-js Completed in 94ms
400 http fetch GET 200 https://registry.npmjs.org/@img/sharp-darwin-arm64/-/sharp-darwin-arm64-0.34.5.tgz 84ms (cache miss)
401 timing reifyNode:node_modules/@img/sharp-darwin-arm64 Completed in 96ms
402 http fetch GET 200 https://registry.npmjs.org/@emnapi/runtime/-/runtime-1.9.1.tgz 100ms (cache miss)
403 timing reifyNode:node_modules/@emnapi/runtime Completed in 114ms
404 http fetch GET 200 https://registry.npmjs.org/baseline-browser-mapping/-/baseline-browser-mapping-2.10.13.tgz 106ms (cache miss)
405 http fetch GET 200 https://registry.npmjs.org/semver/-/semver-7.7.4.tgz 108ms (cache miss)
406 timing reifyNode:node_modules/baseline-browser-mapping Completed in 120ms
407 timing reifyNode:node_modules/semver Completed in 123ms
408 http fetch GET 200 https://registry.npmjs.org/postcss/-/postcss-8.4.31.tgz 114ms (cache miss)
409 timing reifyNode:node_modules/postcss Completed in 128ms
410 http fetch GET 200 https://registry.npmjs.org/styled-jsx/-/styled-jsx-5.1.6.tgz 124ms (cache miss)
411 timing reifyNode:node_modules/styled-jsx Completed in 138ms
412 http fetch GET 200 https://registry.npmjs.org/@next/env/-/env-16.2.2.tgz 128ms (cache miss)
413 timing reifyNode:node_modules/@next/env Completed in 141ms
414 http fetch GET 200 https://registry.npmjs.org/sharp/-/sharp-0.34.5.tgz 129ms (cache miss)
415 timing reifyNode:node_modules/sharp Completed in 142ms
416 http fetch GET 200 https://registry.npmjs.org/react/-/react-19.2.4.tgz 131ms (cache miss)
417 timing reifyNode:node_modules/react Completed in 148ms
418 http fetch GET 200 https://registry.npmjs.org/@swc/helpers/-/helpers-0.5.15.tgz 352ms (cache miss)
419 timing reifyNode:node_modules/@swc/helpers Completed in 366ms
420 http fetch GET 200 https://registry.npmjs.org/caniuse-lite/-/caniuse-lite-1.0.30001784.tgz 441ms (cache miss)
421 timing reifyNode:node_modules/caniuse-lite Completed in 455ms
422 http fetch GET 200 https://registry.npmjs.org/@img/sharp-libvips-darwin-arm64/-/sharp-libvips-darwin-arm64-1.2.4.tgz 558ms (cache miss)
423 timing reifyNode:node_modules/@img/sharp-libvips-darwin-arm64 Completed in 570ms
424 http fetch GET 200 https://registry.npmjs.org/react-dom/-/react-dom-19.2.4.tgz 611ms (cache miss)
425 timing reifyNode:node_modules/react-dom Completed in 624ms
426 http fetch GET 200 https://registry.npmjs.org/@next/swc-darwin-arm64/-/swc-darwin-arm64-16.2.2.tgz 2678ms (cache miss)
427 timing reifyNode:node_modules/@next/swc-darwin-arm64 Completed in 2693ms
428 http fetch GET 200 https://registry.npmjs.org/next/-/next-16.2.2.tgz 4068ms (cache miss)
429 timing reifyNode:node_modules/next Completed in 4082ms
430 timing reify:unpack Completed in 4083ms
431 timing reify:unretire Completed in 0ms
432 timing build:queue Completed in 1ms
433 timing build:link:node_modules/nanoid Completed in 1ms
434 timing build:link:node_modules/baseline-browser-mapping Completed in 3ms
435 timing build:link:node_modules/next Completed in 2ms
436 timing build:link:node_modules/semver Completed in 2ms
437 timing build:link Completed in 3ms
438 info run sharp@0.34.5 install node_modules/sharp node install/check.js || npm run build
439 info run sharp@0.34.5 install { code: 0, signal: null }
440 timing build:run:install:node_modules/sharp Completed in 99ms
441 timing build:run:install Completed in 100ms
442 timing build:deps Completed in 104ms
443 timing build Completed in 104ms
444 timing reify:build Completed in 105ms
445 timing reify:trash Completed in 9ms
446 timing reify:save Completed in 11ms
447 timing reify Completed in 7050ms
448 silly ADD node_modules/client-only
449 silly ADD
450 silly ADD node_modules/semver
451 silly ADD node_modules/detect-libc
452 silly ADD
453 silly ADD
454 silly ADD
455 silly ADD
456 silly ADD
457 silly ADD
458 silly ADD
459 silly ADD
460 silly ADD
461 silly ADD
462 silly ADD
463 silly ADD
464 silly ADD
465 silly ADD
466 silly ADD
467 silly ADD
468 silly ADD
469 silly ADD
470 silly ADD
471 silly ADD
472 silly ADD
473 silly ADD node_modules/@img/sharp-libvips-darwin-arm64
474 silly ADD
475 silly ADD node_modules/@img/sharp-darwin-arm64
476 silly ADD node_modules/@img/colour
477 silly ADD node_modules/scheduler
478 silly ADD node_modules/source-map-js
479 silly ADD node_modules/picocolors
480 silly ADD node_modules/nanoid
481 silly ADD node_modules/tslib
482 silly ADD node_modules/styled-jsx
483 silly ADD node_modules/sharp
484 silly ADD node_modules/postcss
485 silly ADD node_modules/caniuse-lite
486 silly ADD node_modules/baseline-browser-mapping
487 silly ADD node_modules/@swc/helpers
488 silly ADD
489 silly ADD
490 silly ADD
491 silly ADD
492 silly ADD
493 silly ADD
494 silly ADD
495 silly ADD node_modules/@next/swc-darwin-arm64
496 silly ADD node_modules/@next/env
497 silly ADD node_modules/react-dom
498 silly ADD node_modules/react
499 silly ADD node_modules/next
500 timing command:install Completed in 7054ms
501 verbose exit 0
502 timing npm Completed in 7160ms
503 info ok
