0 verbose cli /usr/local/bin/node /usr/local/bin/npm
1 info using npm@10.2.0
2 info using node@v21.1.0
3 timing npm:load:whichnode Completed in 0ms
4 timing config:load:defaults Completed in 1ms
5 timing config:load:file:/usr/local/lib/node_modules/npm/npmrc Completed in 0ms
6 timing config:load:builtin Completed in 0ms
7 timing config:load:cli Completed in 1ms
8 timing config:load:env Completed in 0ms
9 timing config:load:file:/Users/rose/Desktop/rosefolio/.npmrc Completed in 0ms
10 timing config:load:project Completed in 1ms
11 timing config:load:file:/Users/rose/.npmrc Completed in 0ms
12 timing config:load:user Completed in 0ms
13 timing config:load:file:/usr/local/etc/npmrc Completed in 0ms
14 timing config:load:global Completed in 0ms
15 timing config:load:setEnvs Completed in 0ms
16 timing config:load Completed in 3ms
17 timing npm:load:configload Completed in 3ms
18 timing config:load:flatten Completed in 1ms
19 timing npm:load:mkdirpcache Completed in 0ms
20 timing npm:load:mkdirplogs Completed in 0ms
21 verbose title npm install geist
22 verbose argv "install" "geist"
23 timing npm:load:setTitle Completed in 0ms
24 timing npm:load:display Completed in 1ms
25 verbose logfile logs-max:10 dir:/Users/rose/desktop/rosefolio/.npm-cache/_logs/2026-04-02T02_08_01_419Z-
26 verbose logfile /Users/rose/desktop/rosefolio/.npm-cache/_logs/2026-04-02T02_08_01_419Z-debug-0.log
27 timing npm:load:logFile Completed in 4ms
28 timing npm:load:timers Completed in 0ms
29 timing npm:load:configScope Completed in 0ms
30 timing npm:load Completed in 17ms
31 timing arborist:ctor Completed in 0ms
32 silly logfile done cleaning log files
33 timing idealTree:init Completed in 85ms
34 timing idealTree:userRequests Completed in 1ms
35 silly idealTree buildDeps
36 silly fetch manifest geist@*
37 timing arborist:ctor Completed in 0ms
38 http fetch GET 200 https://registry.npmjs.org/geist 171ms (cache miss)
39 silly fetch manifest next@^16.2.2
40 http fetch GET 200 https://registry.npmjs.org/next 74ms (cache revalidated)
41 silly fetch manifest @opentelemetry/api@^1.1.0
42 http fetch GET 200 https://registry.npmjs.org/@opentelemetry%2fapi 68ms (cache revalidated)
43 silly fetch manifest @playwright/test@^1.51.1
44 http fetch GET 200 https://registry.npmjs.org/@playwright%2ftest 119ms (cache revalidated)
45 silly fetch manifest babel-plugin-react-compiler@*
46 http fetch GET 200 https://registry.npmjs.org/babel-plugin-react-compiler 58ms (cache revalidated)
47 silly fetch manifest react@^19.2.4
48 http fetch GET 200 https://registry.npmjs.org/react 49ms (cache revalidated)
49 silly fetch manifest react-dom@^19.2.4
50 http fetch GET 200 https://registry.npmjs.org/react-dom 38ms (cache revalidated)
51 silly fetch manifest sass@^1.3.0
52 http fetch GET 200 https://registry.npmjs.org/sass 45ms (cache revalidated)
53 silly placeDep ROOT geist@1.7.0 OK for: rosefolio@1.0.0 want: *
54 timing idealTree:#root Completed in 821ms
55 timing idealTree:node_modules/@tailwindcss/oxide-wasm32-wasi Completed in 0ms
56 timing idealTree:node_modules/geist Completed in 0ms
57 timing idealTree:buildDeps Completed in 821ms
58 timing idealTree:fixDepFlags Completed in 2ms
59 warn EBADENGINE Unsupported engine {
59 warn EBADENGINE   package: 'balanced-match@4.0.4',
59 warn EBADENGINE   required: { node: '18 || 20 || >=22' },
59 warn EBADENGINE   current: { node: 'v21.1.0', npm: '10.2.0' }
59 warn EBADENGINE }
60 warn EBADENGINE Unsupported engine {
60 warn EBADENGINE   package: 'brace-expansion@5.0.5',
60 warn EBADENGINE   required: { node: '18 || 20 || >=22' },
60 warn EBADENGINE   current: { node: 'v21.1.0', npm: '10.2.0' }
60 warn EBADENGINE }
61 warn EBADENGINE Unsupported engine {
61 warn EBADENGINE   package: 'minimatch@10.2.5',
61 warn EBADENGINE   required: { node: '18 || 20 || >=22' },
61 warn EBADENGINE   current: { node: 'v21.1.0', npm: '10.2.0' }
61 warn EBADENGINE }
62 warn EBADENGINE Unsupported engine {
62 warn EBADENGINE   package: 'eslint-visitor-keys@5.0.1',
62 warn EBADENGINE   required: { node: '^20.19.0 || ^22.13.0 || >=24' },
62 warn EBADENGINE   current: { node: 'v21.1.0', npm: '10.2.0' }
62 warn EBADENGINE }
63 timing idealTree Completed in 914ms
64 timing reify:loadTrees Completed in 914ms
65 timing reify:diffTrees Completed in 6ms
66 silly reify moves {}
67 timing reify:retireShallow Completed in 1ms
68 timing reify:createSparse Completed in 3ms
69 verbose reify failed optional dependency /Users/rose/Desktop/rosefolio/node_modules/@tailwindcss/oxide-wasm32-wasi
70 silly reify mark deleted [
70 silly reify   '/Users/rose/Desktop/rosefolio/node_modules/@tailwindcss/oxide-wasm32-wasi'
70 silly reify ]
71 timing reifyNode:node_modules/@tailwindcss/oxide-wasm32-wasi Completed in 0ms
72 timing arborist:ctor Completed in 0ms
73 timing reify:diffTrees Completed in 2ms
74 timing reify:loadBundles Completed in 4ms
75 silly audit bulk request {
75 silly audit   '@alloc/quick-lru': [ '5.2.0' ],
75 silly audit   '@babel/code-frame': [ '7.29.0' ],
75 silly audit   '@babel/compat-data': [ '7.29.0' ],
75 silly audit   '@babel/core': [ '7.29.0' ],
75 silly audit   semver: [ '6.3.1', '7.7.4' ],
75 silly audit   '@babel/generator': [ '7.29.1' ],
75 silly audit   '@babel/helper-compilation-targets': [ '7.28.6' ],
75 silly audit   '@babel/helper-globals': [ '7.28.0' ],
75 silly audit   '@babel/helper-module-imports': [ '7.28.6' ],
75 silly audit   '@babel/helper-module-transforms': [ '7.28.6' ],
75 silly audit   '@babel/helper-string-parser': [ '7.27.1' ],
75 silly audit   '@babel/helper-validator-identifier': [ '7.28.5' ],
75 silly audit   '@babel/helper-validator-option': [ '7.27.1' ],
75 silly audit   '@babel/helpers': [ '7.29.2' ],
75 silly audit   '@babel/parser': [ '7.29.2' ],
75 silly audit   '@babel/template': [ '7.28.6' ],
75 silly audit   '@babel/traverse': [ '7.29.0' ],
75 silly audit   '@babel/types': [ '7.29.0' ],
75 silly audit   '@emnapi/core': [ '1.9.1' ],
75 silly audit   '@emnapi/runtime': [ '1.9.1' ],
75 silly audit   '@emnapi/wasi-threads': [ '1.2.0' ],
75 silly audit   '@eslint-community/eslint-utils': [ '4.9.1' ],
75 silly audit   'eslint-visitor-keys': [ '3.4.3', '5.0.1', '4.2.1' ],
75 silly audit   '@eslint-community/regexpp': [ '4.12.2' ],
75 silly audit   '@eslint/config-array': [ '0.21.2' ],
75 silly audit   '@eslint/config-helpers': [ '0.4.2' ],
75 silly audit   '@eslint/core': [ '0.17.0' ],
75 silly audit   '@eslint/eslintrc': [ '3.3.5' ],
75 silly audit   globals: [ '14.0.0', '16.4.0' ],
75 silly audit   '@eslint/js': [ '9.39.4' ],
75 silly audit   '@eslint/object-schema': [ '2.1.7' ],
75 silly audit   '@eslint/plugin-kit': [ '0.4.1' ],
75 silly audit   '@humanfs/core': [ '0.19.1' ],
75 silly audit   '@humanfs/node': [ '0.16.7' ],
75 silly audit   '@humanwhocodes/module-importer': [ '1.0.1' ],
75 silly audit   '@humanwhocodes/retry': [ '0.4.3' ],
75 silly audit   '@img/colour': [ '1.1.0' ],
75 silly audit   '@img/sharp-darwin-arm64': [ '0.34.5' ],
75 silly audit   '@img/sharp-darwin-x64': [ '0.34.5' ],
75 silly audit   '@img/sharp-libvips-darwin-arm64': [ '1.2.4' ],
75 silly audit   '@img/sharp-libvips-darwin-x64': [ '1.2.4' ],
75 silly audit   '@img/sharp-libvips-linux-arm': [ '1.2.4' ],
75 silly audit   '@img/sharp-libvips-linux-arm64': [ '1.2.4' ],
75 silly audit   '@img/sharp-libvips-linux-ppc64': [ '1.2.4' ],
75 silly audit   '@img/sharp-libvips-linux-riscv64': [ '1.2.4' ],
75 silly audit   '@img/sharp-libvips-linux-s390x': [ '1.2.4' ],
75 silly audit   '@img/sharp-libvips-linux-x64': [ '1.2.4' ],
75 silly audit   '@img/sharp-libvips-linuxmusl-arm64': [ '1.2.4' ],
75 silly audit   '@img/sharp-libvips-linuxmusl-x64': [ '1.2.4' ],
75 silly audit   '@img/sharp-linux-arm': [ '0.34.5' ],
75 silly audit   '@img/sharp-linux-arm64': [ '0.34.5' ],
75 silly audit   '@img/sharp-linux-ppc64': [ '0.34.5' ],
75 silly audit   '@img/sharp-linux-riscv64': [ '0.34.5' ],
75 silly audit   '@img/sharp-linux-s390x': [ '0.34.5' ],
75 silly audit   '@img/sharp-linux-x64': [ '0.34.5' ],
75 silly audit   '@img/sharp-linuxmusl-arm64': [ '0.34.5' ],
75 silly audit   '@img/sharp-linuxmusl-x64': [ '0.34.5' ],
75 silly audit   '@img/sharp-wasm32': [ '0.34.5' ],
75 silly audit   '@img/sharp-win32-arm64': [ '0.34.5' ],
75 silly audit   '@img/sharp-win32-ia32': [ '0.34.5' ],
75 silly audit   '@img/sharp-win32-x64': [ '0.34.5' ],
75 silly audit   '@jridgewell/gen-mapping': [ '0.3.13' ],
75 silly audit   '@jridgewell/remapping': [ '2.3.5' ],
75 silly audit   '@jridgewell/resolve-uri': [ '3.1.2' ],
75 silly audit   '@jridgewell/sourcemap-codec': [ '1.5.5' ],
75 silly audit   '@jridgewell/trace-mapping': [ '0.3.31' ],
75 silly audit   '@napi-rs/wasm-runtime': [ '0.2.12' ],
75 silly audit   '@next/env': [ '16.2.2' ],
75 silly audit   '@next/eslint-plugin-next': [ '16.2.2' ],
75 silly audit   '@next/swc-darwin-arm64': [ '16.2.2' ],
75 silly audit   '@next/swc-darwin-x64': [ '16.2.2' ],
75 silly audit   '@next/swc-linux-arm64-gnu': [ '16.2.2' ],
75 silly audit   '@next/swc-linux-arm64-musl': [ '16.2.2' ],
75 silly audit   '@next/swc-linux-x64-gnu': [ '16.2.2' ],
75 silly audit   '@next/swc-linux-x64-musl': [ '16.2.2' ],
75 silly audit   '@next/swc-win32-arm64-msvc': [ '16.2.2' ],
75 silly audit   '@next/swc-win32-x64-msvc': [ '16.2.2' ],
75 silly audit   '@nodelib/fs.scandir': [ '2.1.5' ],
75 silly audit   '@nodelib/fs.stat': [ '2.0.5' ],
75 silly audit   '@nodelib/fs.walk': [ '1.2.8' ],
75 silly audit   '@nolyfill/is-core-module': [ '1.0.39' ],
75 silly audit   '@rtsao/scc': [ '1.1.0' ],
75 silly audit   '@swc/helpers': [ '0.5.15' ],
75 silly audit   '@tailwindcss/node': [ '4.2.2' ],
75 silly audit   '@tailwindcss/oxide': [ '4.2.2' ],
75 silly audit   '@tailwindcss/oxide-android-arm64': [ '4.2.2' ],
75 silly audit   '@tailwindcss/oxide-darwin-arm64': [ '4.2.2' ],
75 silly audit   '@tailwindcss/oxide-darwin-x64': [ '4.2.2' ],
75 silly audit   '@tailwindcss/oxide-freebsd-x64': [ '4.2.2' ],
75 silly audit   '@tailwindcss/oxide-linux-arm-gnueabihf': [ '4.2.2' ],
75 silly audit   '@tailwindcss/oxide-linux-arm64-gnu': [ '4.2.2' ],
75 silly audit   '@tailwindcss/oxide-linux-arm64-musl': [ '4.2.2' ],
75 silly audit   '@tailwindcss/oxide-linux-x64-gnu': [ '4.2.2' ],
75 silly audit   '@tailwindcss/oxide-linux-x64-musl': [ '4.2.2' ],
75 silly audit   '@tailwindcss/oxide-win32-arm64-msvc': [ '4.2.2' ],
75 silly audit   '@tailwindcss/oxide-win32-x64-msvc': [ '4.2.2' ],
75 silly audit   '@tailwindcss/postcss': [ '4.2.2' ],
75 silly audit   postcss: [ '8.5.8', '8.4.31' ],
75 silly audit   '@tybys/wasm-util': [ '0.10.1' ],
75 silly audit   '@types/estree': [ '1.0.8' ],
75 silly audit   '@types/json-schema': [ '7.0.15' ],
75 silly audit   '@types/json5': [ '0.0.29' ],
75 silly audit   '@types/node': [ '25.5.0' ],
75 silly audit   '@types/react': [ '19.2.14' ],
75 silly audit   '@types/react-dom': [ '19.2.3' ],
75 silly audit   '@typescript-eslint/eslint-plugin': [ '8.58.0' ],
75 silly audit   ignore: [ '7.0.5', '5.3.2' ],
75 silly audit   '@typescript-eslint/parser': [ '8.58.0' ],
75 silly audit   '@typescript-eslint/project-service': [ '8.58.0' ],
75 silly audit   '@typescript-eslint/scope-manager': [ '8.58.0' ],
75 silly audit   '@typescript-eslint/tsconfig-utils': [ '8.58.0' ],
75 silly audit   '@typescript-eslint/type-utils': [ '8.58.0' ],
75 silly audit   '@typescript-eslint/types': [ '8.58.0' ],
75 silly audit   '@typescript-eslint/typescript-estree': [ '8.58.0' ],
75 silly audit   'balanced-match': [ '4.0.4', '1.0.2' ],
75 silly audit   'brace-expansion': [ '5.0.5', '1.1.13' ],
75 silly audit   minimatch: [ '10.2.5', '3.1.5' ],
75 silly audit   '@typescript-eslint/utils': [ '8.58.0' ],
75 silly audit   '@typescript-eslint/visitor-keys': [ '8.58.0' ],
75 silly audit   '@unrs/resolver-binding-android-arm-eabi': [ '1.11.1' ],
75 silly audit   '@unrs/resolver-binding-android-arm64': [ '1.11.1' ],
75 silly audit   '@unrs/resolver-binding-darwin-arm64': [ '1.11.1' ],
75 silly audit   '@unrs/resolver-binding-darwin-x64': [ '1.11.1' ],
75 silly audit   '@unrs/resolver-binding-freebsd-x64': [ '1.11.1' ],
75 silly audit   '@unrs/resolver-binding-linux-arm-gnueabihf': [ '1.11.1' ],
75 silly audit   '@unrs/resolver-binding-linux-arm-musleabihf': [ '1.11.1' ],
75 silly audit   '@unrs/resolver-binding-linux-arm64-gnu': [ '1.11.1' ],
75 silly audit   '@unrs/resolver-binding-linux-arm64-musl': [ '1.11.1' ],
75 silly audit   '@unrs/resolver-binding-linux-ppc64-gnu': [ '1.11.1' ],
75 silly audit   '@unrs/resolver-binding-linux-riscv64-gnu': [ '1.11.1' ],
75 silly audit   '@unrs/resolver-binding-linux-riscv64-musl': [ '1.11.1' ],
75 silly audit   '@unrs/resolver-binding-linux-s390x-gnu': [ '1.11.1' ],
75 silly audit   '@unrs/resolver-binding-linux-x64-gnu': [ '1.11.1' ],
75 silly audit   '@unrs/resolver-binding-linux-x64-musl': [ '1.11.1' ],
75 silly audit   '@unrs/resolver-binding-wasm32-wasi': [ '1.11.1' ],
75 silly audit   '@unrs/resolver-binding-win32-arm64-msvc': [ '1.11.1' ],
75 silly audit   '@unrs/resolver-binding-win32-ia32-msvc': [ '1.11.1' ],
75 silly audit   '@unrs/resolver-binding-win32-x64-msvc': [ '1.11.1' ],
75 silly audit   acorn: [ '8.16.0' ],
75 silly audit   'acorn-jsx': [ '5.3.2' ],
75 silly audit   ajv: [ '6.14.0' ],
75 silly audit   'ansi-styles': [ '4.3.0' ],
75 silly audit   argparse: [ '2.0.1' ],
75 silly audit   'aria-query': [ '5.3.2' ],
75 silly audit   'array-buffer-byte-length': [ '1.0.2' ],
75 silly audit   'array-includes': [ '3.1.9' ],
75 silly audit   'array.prototype.findlast': [ '1.2.5' ],
75 silly audit   'array.prototype.findlastindex': [ '1.2.6' ],
75 silly audit   'array.prototype.flat': [ '1.3.3' ],
75 silly audit   'array.prototype.flatmap': [ '1.3.3' ],
75 silly audit   'array.prototype.tosorted': [ '1.1.4' ],
75 silly audit   'arraybuffer.prototype.slice': [ '1.0.4' ],
75 silly audit   'ast-types-flow': [ '0.0.8' ],
75 silly audit   'async-function': [ '1.0.0' ],
75 silly audit   'available-typed-arrays': [ '1.0.7' ],
75 silly audit   'axe-core': [ '4.11.2' ],
75 silly audit   'axobject-query': [ '4.1.0' ],
75 silly audit   'baseline-browser-mapping': [ '2.10.13' ],
75 silly audit   braces: [ '3.0.3' ],
75 silly audit   browserslist: [ '4.28.2' ],
75 silly audit   'call-bind': [ '1.0.8' ],
75 silly audit   'call-bind-apply-helpers': [ '1.0.2' ],
75 silly audit   'call-bound': [ '1.0.4' ],
75 silly audit   callsites: [ '3.1.0' ],
75 silly audit   'caniuse-lite': [ '1.0.30001784' ],
75 silly audit   chalk: [ '4.1.2' ],
75 silly audit   'client-only': [ '0.0.1' ],
75 silly audit   'color-convert': [ '2.0.1' ],
75 silly audit   'color-name': [ '1.1.4' ],
75 silly audit   'concat-map': [ '0.0.1' ],
75 silly audit   'convert-source-map': [ '2.0.0' ],
75 silly audit   'cross-spawn': [ '7.0.6' ],
75 silly audit   csstype: [ '3.2.3' ],
75 silly audit   'damerau-levenshtein': [ '1.0.8' ],
75 silly audit   'data-view-buffer': [ '1.0.2' ],
75 silly audit   'data-view-byte-length': [ '1.0.2' ],
75 silly audit   'data-view-byte-offset': [ '1.0.1' ],
75 silly audit   debug: [ '4.4.3', '3.2.7' ],
75 silly audit   'deep-is': [ '0.1.4' ],
75 silly audit   'define-data-property': [ '1.1.4' ],
75 silly audit   'define-properties': [ '1.2.1' ],
75 silly audit   'detect-libc': [ '2.1.2' ],
75 silly audit   doctrine: [ '2.1.0' ],
75 silly audit   'dunder-proto': [ '1.0.1' ],
75 silly audit   'electron-to-chromium': [ '1.5.331' ],
75 silly audit   'emoji-regex': [ '9.2.2' ],
75 silly audit   'enhanced-resolve': [ '5.20.1' ],
75 silly audit   'es-abstract': [ '1.24.1' ],
75 silly audit   'es-define-property': [ '1.0.1' ],
75 silly audit   'es-errors': [ '1.3.0' ],
75 silly audit   'es-iterator-helpers': [ '1.3.1' ],
75 silly audit   'es-object-atoms': [ '1.1.1' ],
75 silly audit   'es-set-tostringtag': [ '2.1.0' ],
75 silly audit   'es-shim-unscopables': [ '1.1.0' ],
75 silly audit   'es-to-primitive': [ '1.3.0' ],
75 silly audit   escalade: [ '3.2.0' ],
75 silly audit   'escape-string-regexp': [ '4.0.0' ],
75 silly audit   eslint: [ '9.39.4' ],
75 silly audit   'eslint-config-next': [ '16.2.2' ],
75 silly audit   'eslint-import-resolver-node': [ '0.3.9' ],
75 silly audit   'eslint-import-resolver-typescript': [ '3.10.1' ],
75 silly audit   'eslint-module-utils': [ '2.12.1' ],
75 silly audit   'eslint-plugin-import': [ '2.32.0' ],
75 silly audit   'eslint-plugin-jsx-a11y': [ '6.10.2' ],
75 silly audit   'eslint-plugin-react': [ '7.37.5' ],
75 silly audit   'eslint-plugin-react-hooks': [ '7.0.1' ],
75 silly audit   resolve: [ '2.0.0-next.6', '1.22.11' ],
75 silly audit   'eslint-scope': [ '8.4.0' ],
75 silly audit   espree: [ '10.4.0' ],
75 silly audit   esquery: [ '1.7.0' ],
75 silly audit   esrecurse: [ '4.3.0' ],
75 silly audit   estraverse: [ '5.3.0' ],
75 silly audit   esutils: [ '2.0.3' ],
75 silly audit   'fast-deep-equal': [ '3.1.3' ],
75 silly audit   'fast-glob': [ '3.3.1' ],
75 silly audit   'glob-parent': [ '5.1.2', '6.0.2' ],
75 silly audit   'fast-json-stable-stringify': [ '2.1.0' ],
75 silly audit   'fast-levenshtein': [ '2.0.6' ],
75 silly audit   fastq: [ '1.20.1' ],
75 silly audit   'file-entry-cache': [ '8.0.0' ],
75 silly audit   'fill-range': [ '7.1.1' ],
75 silly audit   'find-up': [ '5.0.0' ],
75 silly audit   'flat-cache': [ '4.0.1' ],
75 silly audit   flatted: [ '3.4.2' ],
75 silly audit   'for-each': [ '0.3.5' ],
75 silly audit   'function-bind': [ '1.1.2' ],
75 silly audit   'function.prototype.name': [ '1.1.8' ],
75 silly audit   'functions-have-names': [ '1.2.3' ],
75 silly audit   'generator-function': [ '2.0.1' ],
75 silly audit   gensync: [ '1.0.0-beta.2' ],
75 silly audit   'get-intrinsic': [ '1.3.0' ],
75 silly audit   'get-proto': [ '1.0.1' ],
75 silly audit   'get-symbol-description': [ '1.1.0' ],
75 silly audit   'get-tsconfig': [ '4.13.7' ],
75 silly audit   globalthis: [ '1.0.4' ],
75 silly audit   gopd: [ '1.2.0' ],
75 silly audit   'graceful-fs': [ '4.2.11' ],
75 silly audit   'has-bigints': [ '1.1.0' ],
75 silly audit   'has-flag': [ '4.0.0' ],
75 silly audit   'has-property-descriptors': [ '1.0.2' ],
75 silly audit   'has-proto': [ '1.2.0' ],
75 silly audit   'has-symbols': [ '1.1.0' ],
75 silly audit   'has-tostringtag': [ '1.0.2' ],
75 silly audit   hasown: [ '2.0.2' ],
75 silly audit   'hermes-estree': [ '0.25.1' ],
75 silly audit   'hermes-parser': [ '0.25.1' ],
75 silly audit   'import-fresh': [ '3.3.1' ],
75 silly audit   imurmurhash: [ '0.1.4' ],
75 silly audit   'internal-slot': [ '1.1.0' ],
75 silly audit   'is-array-buffer': [ '3.0.5' ],
75 silly audit   'is-async-function': [ '2.1.1' ],
75 silly audit   'is-bigint': [ '1.1.0' ],
75 silly audit   'is-boolean-object': [ '1.2.2' ],
75 silly audit   'is-bun-module': [ '2.0.0' ],
75 silly audit   'is-callable': [ '1.2.7' ],
75 silly audit   'is-core-module': [ '2.16.1' ],
75 silly audit   'is-data-view': [ '1.0.2' ],
75 silly audit   'is-date-object': [ '1.1.0' ],
75 silly audit   'is-extglob': [ '2.1.1' ],
75 silly audit   'is-finalizationregistry': [ '1.1.1' ],
75 silly audit   'is-generator-function': [ '1.1.2' ],
75 silly audit   'is-glob': [ '4.0.3' ],
75 silly audit   'is-map': [ '2.0.3' ],
75 silly audit   'is-negative-zero': [ '2.0.3' ],
75 silly audit   'is-number': [ '7.0.0' ],
75 silly audit   'is-number-object': [ '1.1.1' ],
75 silly audit   'is-regex': [ '1.2.1' ],
75 silly audit   'is-set': [ '2.0.3' ],
75 silly audit   'is-shared-array-buffer': [ '1.0.4' ],
75 silly audit   'is-string': [ '1.1.1' ],
75 silly audit   'is-symbol': [ '1.1.1' ],
75 silly audit   'is-typed-array': [ '1.1.15' ],
75 silly audit   'is-weakmap': [ '2.0.2' ],
75 silly audit   'is-weakref': [ '1.1.1' ],
75 silly audit   'is-weakset': [ '2.0.4' ],
75 silly audit   isarray: [ '2.0.5' ],
75 silly audit   isexe: [ '2.0.0' ],
75 silly audit   'iterator.prototype': [ '1.1.5' ],
75 silly audit   jiti: [ '2.6.1' ],
75 silly audit   'js-tokens': [ '4.0.0' ],
75 silly audit   'js-yaml': [ '4.1.1' ],
75 silly audit   jsesc: [ '3.1.0' ],
75 silly audit   'json-buffer': [ '3.0.1' ],
75 silly audit   'json-schema-traverse': [ '0.4.1' ],
75 silly audit   'json-stable-stringify-without-jsonify': [ '1.0.1' ],
75 silly audit   json5: [ '2.2.3', '1.0.2' ],
75 silly audit   'jsx-ast-utils': [ '3.3.5' ],
75 silly audit   keyv: [ '4.5.4' ],
75 silly audit   'language-subtag-registry': [ '0.3.23' ],
75 silly audit   'language-tags': [ '1.0.9' ],
75 silly audit   levn: [ '0.4.1' ],
75 silly audit   lightningcss: [ '1.32.0' ],
75 silly audit   'lightningcss-android-arm64': [ '1.32.0' ],
75 silly audit   'lightningcss-darwin-arm64': [ '1.32.0' ],
75 silly audit   'lightningcss-darwin-x64': [ '1.32.0' ],
75 silly audit   'lightningcss-freebsd-x64': [ '1.32.0' ],
75 silly audit   'lightningcss-linux-arm-gnueabihf': [ '1.32.0' ],
75 silly audit   'lightningcss-linux-arm64-gnu': [ '1.32.0' ],
75 silly audit   'lightningcss-linux-arm64-musl': [ '1.32.0' ],
75 silly audit   'lightningcss-linux-x64-gnu': [ '1.32.0' ],
75 silly audit   'lightningcss-linux-x64-musl': [ '1.32.0' ],
75 silly audit   'lightningcss-win32-arm64-msvc': [ '1.32.0' ],
75 silly audit   'lightningcss-win32-x64-msvc': [ '1.32.0' ],
75 silly audit   'locate-path': [ '6.0.0' ],
75 silly audit   'lodash.merge': [ '4.6.2' ],
75 silly audit   'loose-envify': [ '1.4.0' ],
75 silly audit   'lru-cache': [ '5.1.1' ],
75 silly audit   'magic-string': [ '0.30.21' ],
75 silly audit   'math-intrinsics': [ '1.1.0' ],
75 silly audit   merge2: [ '1.4.1' ],
75 silly audit   micromatch: [ '4.0.8' ],
75 silly audit   minimist: [ '1.2.8' ],
75 silly audit   ms: [ '2.1.3' ],
75 silly audit   nanoid: [ '3.3.11' ],
75 silly audit   'napi-postinstall': [ '0.3.4' ],
75 silly audit   'natural-compare': [ '1.4.0' ],
75 silly audit   next: [ '16.2.2' ],
75 silly audit   'node-exports-info': [ '1.6.0' ],
75 silly audit   'node-releases': [ '2.0.36' ],
75 silly audit   'object-assign': [ '4.1.1' ],
75 silly audit   'object-inspect': [ '1.13.4' ],
75 silly audit   'object-keys': [ '1.1.1' ],
75 silly audit   'object.assign': [ '4.1.7' ],
75 silly audit   'object.entries': [ '1.1.9' ],
75 silly audit   'object.fromentries': [ '2.0.8' ],
75 silly audit   'object.groupby': [ '1.0.3' ],
75 silly audit   'object.values': [ '1.2.1' ],
75 silly audit   optionator: [ '0.9.4' ],
75 silly audit   'own-keys': [ '1.0.1' ],
75 silly audit   'p-limit': [ '3.1.0' ],
75 silly audit   'p-locate': [ '5.0.0' ],
75 silly audit   'parent-module': [ '1.0.1' ],
75 silly audit   'path-exists': [ '4.0.0' ],
75 silly audit   'path-key': [ '3.1.1' ],
75 silly audit   'path-parse': [ '1.0.7' ],
75 silly audit   picocolors: [ '1.1.1' ],
75 silly audit   picomatch: [ '2.3.2', '4.0.4' ],
75 silly audit   'possible-typed-array-names': [ '1.1.0' ],
75 silly audit   'prelude-ls': [ '1.2.1' ],
75 silly audit   'prop-types': [ '15.8.1' ],
75 silly audit   punycode: [ '2.3.1' ],
75 silly audit   'queue-microtask': [ '1.2.3' ],
75 silly audit   react: [ '19.2.4' ],
75 silly audit   'react-dom': [ '19.2.4' ],
75 silly audit   'react-is': [ '16.13.1' ],
75 silly audit   'reflect.getprototypeof': [ '1.0.10' ],
75 silly audit   'regexp.prototype.flags': [ '1.5.4' ],
75 silly audit   'resolve-from': [ '4.0.0' ],
75 silly audit   'resolve-pkg-maps': [ '1.0.0' ],
75 silly audit   reusify: [ '1.1.0' ],
75 silly audit   'run-parallel': [ '1.2.0' ],
75 silly audit   'safe-array-concat': [ '1.1.3' ],
75 silly audit   'safe-push-apply': [ '1.0.0' ],
75 silly audit   'safe-regex-test': [ '1.1.0' ],
75 silly audit   scheduler: [ '0.27.0' ],
75 silly audit   'set-function-length': [ '1.2.2' ],
75 silly audit   'set-function-name': [ '2.0.2' ],
75 silly audit   'set-proto': [ '1.0.0' ],
75 silly audit   sharp: [ '0.34.5' ],
75 silly audit   'shebang-command': [ '2.0.0' ],
75 silly audit   'shebang-regex': [ '3.0.0' ],
75 silly audit   'side-channel': [ '1.1.0' ],
75 silly audit   'side-channel-list': [ '1.0.0' ],
75 silly audit   'side-channel-map': [ '1.0.1' ],
75 silly audit   'side-channel-weakmap': [ '1.0.2' ],
75 silly audit   'source-map-js': [ '1.2.1' ],
75 silly audit   'stable-hash': [ '0.0.5' ],
75 silly audit   'stop-iteration-iterator': [ '1.1.0' ],
75 silly audit   'string.prototype.includes': [ '2.0.1' ],
75 silly audit   'string.prototype.matchall': [ '4.0.12' ],
75 silly audit   'string.prototype.repeat': [ '1.0.0' ],
75 silly audit   'string.prototype.trim': [ '1.2.10' ],
75 silly audit   'string.prototype.trimend': [ '1.0.9' ],
75 silly audit   'string.prototype.trimstart': [ '1.0.8' ],
75 silly audit   'strip-bom': [ '3.0.0' ],
75 silly audit   'strip-json-comments': [ '3.1.1' ],
75 silly audit   'styled-jsx': [ '5.1.6' ],
75 silly audit   'supports-color': [ '7.2.0' ],
75 silly audit   'supports-preserve-symlinks-flag': [ '1.0.0' ],
75 silly audit   tailwindcss: [ '4.2.2' ],
75 silly audit   tapable: [ '2.3.2' ],
75 silly audit   tinyglobby: [ '0.2.15' ],
75 silly audit   fdir: [ '6.5.0' ],
75 silly audit   'to-regex-range': [ '5.0.1' ],
75 silly audit   'ts-api-utils': [ '2.5.0' ],
75 silly audit   'tsconfig-paths': [ '3.15.0' ],
75 silly audit   tslib: [ '2.8.1' ],
75 silly audit   'type-check': [ '0.4.0' ],
75 silly audit   'typed-array-buffer': [ '1.0.3' ],
75 silly audit   'typed-array-byte-length': [ '1.0.3' ],
75 silly audit   'typed-array-byte-offset': [ '1.0.4' ],
75 silly audit   'typed-array-length': [ '1.0.7' ],
75 silly audit   typescript: [ '6.0.2' ],
75 silly audit   'typescript-eslint': [ '8.58.0' ],
75 silly audit   'unbox-primitive': [ '1.1.0' ],
75 silly audit   'undici-types': [ '7.18.2' ],
75 silly audit   'unrs-resolver': [ '1.11.1' ],
75 silly audit   'update-browserslist-db': [ '1.2.3' ],
75 silly audit   'uri-js': [ '4.4.1' ],
75 silly audit   which: [ '2.0.2' ],
75 silly audit   'which-boxed-primitive': [ '1.1.1' ],
75 silly audit   'which-builtin-type': [ '1.2.1' ],
75 silly audit   'which-collection': [ '1.0.2' ],
75 silly audit   'which-typed-array': [ '1.1.20' ],
75 silly audit   'word-wrap': [ '1.2.5' ],
75 silly audit   yallist: [ '3.1.1' ],
75 silly audit   'yocto-queue': [ '0.1.0' ],
75 silly audit   zod: [ '4.3.6' ],
75 silly audit   'zod-validation-error': [ '4.0.2' ],
75 silly audit   geist: [ '1.7.0' ],
75 silly audit   '@tailwindcss/oxide-wasm32-wasi': [ '4.2.2' ]
75 silly audit }
76 verbose reify failed optional dependency /Users/rose/Desktop/rosefolio/node_modules/lightningcss-win32-x64-msvc
77 silly reify mark deleted [
77 silly reify   '/Users/rose/Desktop/rosefolio/node_modules/lightningcss-win32-x64-msvc'
77 silly reify ]
78 verbose reify failed optional dependency /Users/rose/Desktop/rosefolio/node_modules/lightningcss-win32-arm64-msvc
79 silly reify mark deleted [
79 silly reify   '/Users/rose/Desktop/rosefolio/node_modules/lightningcss-win32-arm64-msvc'
79 silly reify ]
80 verbose reify failed optional dependency /Users/rose/Desktop/rosefolio/node_modules/lightningcss-linux-x64-musl
81 silly reify mark deleted [
81 silly reify   '/Users/rose/Desktop/rosefolio/node_modules/lightningcss-linux-x64-musl'
81 silly reify ]
82 verbose reify failed optional dependency /Users/rose/Desktop/rosefolio/node_modules/lightningcss-linux-x64-gnu
83 silly reify mark deleted [
83 silly reify   '/Users/rose/Desktop/rosefolio/node_modules/lightningcss-linux-x64-gnu'
83 silly reify ]
84 verbose reify failed optional dependency /Users/rose/Desktop/rosefolio/node_modules/lightningcss-linux-arm64-musl
85 silly reify mark deleted [
85 silly reify   '/Users/rose/Desktop/rosefolio/node_modules/lightningcss-linux-arm64-musl'
85 silly reify ]
86 verbose reify failed optional dependency /Users/rose/Desktop/rosefolio/node_modules/lightningcss-linux-arm64-gnu
87 silly reify mark deleted [
87 silly reify   '/Users/rose/Desktop/rosefolio/node_modules/lightningcss-linux-arm64-gnu'
87 silly reify ]
88 verbose reify failed optional dependency /Users/rose/Desktop/rosefolio/node_modules/lightningcss-linux-arm-gnueabihf
89 silly reify mark deleted [
89 silly reify   '/Users/rose/Desktop/rosefolio/node_modules/lightningcss-linux-arm-gnueabihf'
89 silly reify ]
90 verbose reify failed optional dependency /Users/rose/Desktop/rosefolio/node_modules/lightningcss-freebsd-x64
91 silly reify mark deleted [
91 silly reify   '/Users/rose/Desktop/rosefolio/node_modules/lightningcss-freebsd-x64'
91 silly reify ]
92 verbose reify failed optional dependency /Users/rose/Desktop/rosefolio/node_modules/lightningcss-darwin-x64
93 silly reify mark deleted [
93 silly reify   '/Users/rose/Desktop/rosefolio/node_modules/lightningcss-darwin-x64'
93 silly reify ]
94 verbose reify failed optional dependency /Users/rose/Desktop/rosefolio/node_modules/lightningcss-android-arm64
95 silly reify mark deleted [
95 silly reify   '/Users/rose/Desktop/rosefolio/node_modules/lightningcss-android-arm64'
95 silly reify ]
96 verbose reify failed optional dependency /Users/rose/Desktop/rosefolio/node_modules/@unrs/resolver-binding-win32-x64-msvc
97 silly reify mark deleted [
97 silly reify   '/Users/rose/Desktop/rosefolio/node_modules/@unrs/resolver-binding-win32-x64-msvc'
97 silly reify ]
98 verbose reify failed optional dependency /Users/rose/Desktop/rosefolio/node_modules/@unrs/resolver-binding-win32-ia32-msvc
99 silly reify mark deleted [
99 silly reify   '/Users/rose/Desktop/rosefolio/node_modules/@unrs/resolver-binding-win32-ia32-msvc'
99 silly reify ]
100 verbose reify failed optional dependency /Users/rose/Desktop/rosefolio/node_modules/@unrs/resolver-binding-win32-arm64-msvc
101 silly reify mark deleted [
101 silly reify   '/Users/rose/Desktop/rosefolio/node_modules/@unrs/resolver-binding-win32-arm64-msvc'
101 silly reify ]
102 verbose reify failed optional dependency /Users/rose/Desktop/rosefolio/node_modules/@unrs/resolver-binding-wasm32-wasi
103 silly reify mark deleted [
103 silly reify   '/Users/rose/Desktop/rosefolio/node_modules/@unrs/resolver-binding-wasm32-wasi'
103 silly reify ]
104 verbose reify failed optional dependency /Users/rose/Desktop/rosefolio/node_modules/@unrs/resolver-binding-linux-x64-musl
105 silly reify mark deleted [
105 silly reify   '/Users/rose/Desktop/rosefolio/node_modules/@unrs/resolver-binding-linux-x64-musl'
105 silly reify ]
106 verbose reify failed optional dependency /Users/rose/Desktop/rosefolio/node_modules/@unrs/resolver-binding-linux-x64-gnu
107 silly reify mark deleted [
107 silly reify   '/Users/rose/Desktop/rosefolio/node_modules/@unrs/resolver-binding-linux-x64-gnu'
107 silly reify ]
108 verbose reify failed optional dependency /Users/rose/Desktop/rosefolio/node_modules/@unrs/resolver-binding-linux-s390x-gnu
109 silly reify mark deleted [
109 silly reify   '/Users/rose/Desktop/rosefolio/node_modules/@unrs/resolver-binding-linux-s390x-gnu'
109 silly reify ]
110 verbose reify failed optional dependency /Users/rose/Desktop/rosefolio/node_modules/@unrs/resolver-binding-linux-riscv64-musl
111 silly reify mark deleted [
111 silly reify   '/Users/rose/Desktop/rosefolio/node_modules/@unrs/resolver-binding-linux-riscv64-musl'
111 silly reify ]
112 verbose reify failed optional dependency /Users/rose/Desktop/rosefolio/node_modules/@unrs/resolver-binding-linux-riscv64-gnu
113 silly reify mark deleted [
113 silly reify   '/Users/rose/Desktop/rosefolio/node_modules/@unrs/resolver-binding-linux-riscv64-gnu'
113 silly reify ]
114 verbose reify failed optional dependency /Users/rose/Desktop/rosefolio/node_modules/@unrs/resolver-binding-linux-ppc64-gnu
115 silly reify mark deleted [
115 silly reify   '/Users/rose/Desktop/rosefolio/node_modules/@unrs/resolver-binding-linux-ppc64-gnu'
115 silly reify ]
116 verbose reify failed optional dependency /Users/rose/Desktop/rosefolio/node_modules/@unrs/resolver-binding-linux-arm64-musl
117 silly reify mark deleted [
117 silly reify   '/Users/rose/Desktop/rosefolio/node_modules/@unrs/resolver-binding-linux-arm64-musl'
117 silly reify ]
118 verbose reify failed optional dependency /Users/rose/Desktop/rosefolio/node_modules/@unrs/resolver-binding-linux-arm64-gnu
119 silly reify mark deleted [
119 silly reify   '/Users/rose/Desktop/rosefolio/node_modules/@unrs/resolver-binding-linux-arm64-gnu'
119 silly reify ]
120 verbose reify failed optional dependency /Users/rose/Desktop/rosefolio/node_modules/@unrs/resolver-binding-linux-arm-musleabihf
121 silly reify mark deleted [
121 silly reify   '/Users/rose/Desktop/rosefolio/node_modules/@unrs/resolver-binding-linux-arm-musleabihf'
121 silly reify ]
122 verbose reify failed optional dependency /Users/rose/Desktop/rosefolio/node_modules/@unrs/resolver-binding-linux-arm-gnueabihf
123 silly reify mark deleted [
123 silly reify   '/Users/rose/Desktop/rosefolio/node_modules/@unrs/resolver-binding-linux-arm-gnueabihf'
123 silly reify ]
124 verbose reify failed optional dependency /Users/rose/Desktop/rosefolio/node_modules/@unrs/resolver-binding-freebsd-x64
125 silly reify mark deleted [
125 silly reify   '/Users/rose/Desktop/rosefolio/node_modules/@unrs/resolver-binding-freebsd-x64'
125 silly reify ]
126 verbose reify failed optional dependency /Users/rose/Desktop/rosefolio/node_modules/@unrs/resolver-binding-darwin-x64
127 silly reify mark deleted [
127 silly reify   '/Users/rose/Desktop/rosefolio/node_modules/@unrs/resolver-binding-darwin-x64'
127 silly reify ]
128 verbose reify failed optional dependency /Users/rose/Desktop/rosefolio/node_modules/@unrs/resolver-binding-android-arm64
129 silly reify mark deleted [
129 silly reify   '/Users/rose/Desktop/rosefolio/node_modules/@unrs/resolver-binding-android-arm64'
129 silly reify ]
130 verbose reify failed optional dependency /Users/rose/Desktop/rosefolio/node_modules/@unrs/resolver-binding-android-arm-eabi
131 silly reify mark deleted [
131 silly reify   '/Users/rose/Desktop/rosefolio/node_modules/@unrs/resolver-binding-android-arm-eabi'
131 silly reify ]
132 verbose reify failed optional dependency /Users/rose/Desktop/rosefolio/node_modules/@tailwindcss/oxide-win32-x64-msvc
133 silly reify mark deleted [
133 silly reify   '/Users/rose/Desktop/rosefolio/node_modules/@tailwindcss/oxide-win32-x64-msvc'
133 silly reify ]
134 verbose reify failed optional dependency /Users/rose/Desktop/rosefolio/node_modules/@tailwindcss/oxide-win32-arm64-msvc
135 silly reify mark deleted [
135 silly reify   '/Users/rose/Desktop/rosefolio/node_modules/@tailwindcss/oxide-win32-arm64-msvc'
135 silly reify ]
136 verbose reify failed optional dependency /Users/rose/Desktop/rosefolio/node_modules/@tailwindcss/oxide-linux-x64-musl
137 silly reify mark deleted [
137 silly reify   '/Users/rose/Desktop/rosefolio/node_modules/@tailwindcss/oxide-linux-x64-musl'
137 silly reify ]
138 verbose reify failed optional dependency /Users/rose/Desktop/rosefolio/node_modules/@tailwindcss/oxide-linux-x64-gnu
139 silly reify mark deleted [
139 silly reify   '/Users/rose/Desktop/rosefolio/node_modules/@tailwindcss/oxide-linux-x64-gnu'
139 silly reify ]
140 verbose reify failed optional dependency /Users/rose/Desktop/rosefolio/node_modules/@tailwindcss/oxide-linux-arm64-musl
141 silly reify mark deleted [
141 silly reify   '/Users/rose/Desktop/rosefolio/node_modules/@tailwindcss/oxide-linux-arm64-musl'
141 silly reify ]
142 verbose reify failed optional dependency /Users/rose/Desktop/rosefolio/node_modules/@tailwindcss/oxide-linux-arm64-gnu
143 silly reify mark deleted [
143 silly reify   '/Users/rose/Desktop/rosefolio/node_modules/@tailwindcss/oxide-linux-arm64-gnu'
143 silly reify ]
144 verbose reify failed optional dependency /Users/rose/Desktop/rosefolio/node_modules/@tailwindcss/oxide-linux-arm-gnueabihf
145 silly reify mark deleted [
145 silly reify   '/Users/rose/Desktop/rosefolio/node_modules/@tailwindcss/oxide-linux-arm-gnueabihf'
145 silly reify ]
146 verbose reify failed optional dependency /Users/rose/Desktop/rosefolio/node_modules/@tailwindcss/oxide-freebsd-x64
147 silly reify mark deleted [
147 silly reify   '/Users/rose/Desktop/rosefolio/node_modules/@tailwindcss/oxide-freebsd-x64'
147 silly reify ]
148 verbose reify failed optional dependency /Users/rose/Desktop/rosefolio/node_modules/@tailwindcss/oxide-darwin-x64
149 silly reify mark deleted [
149 silly reify   '/Users/rose/Desktop/rosefolio/node_modules/@tailwindcss/oxide-darwin-x64'
149 silly reify ]
150 verbose reify failed optional dependency /Users/rose/Desktop/rosefolio/node_modules/@tailwindcss/oxide-android-arm64
151 silly reify mark deleted [
151 silly reify   '/Users/rose/Desktop/rosefolio/node_modules/@tailwindcss/oxide-android-arm64'
151 silly reify ]
152 verbose reify failed optional dependency /Users/rose/Desktop/rosefolio/node_modules/@next/swc-win32-x64-msvc
153 silly reify mark deleted [
153 silly reify   '/Users/rose/Desktop/rosefolio/node_modules/@next/swc-win32-x64-msvc'
153 silly reify ]
154 verbose reify failed optional dependency /Users/rose/Desktop/rosefolio/node_modules/@next/swc-win32-arm64-msvc
155 silly reify mark deleted [
155 silly reify   '/Users/rose/Desktop/rosefolio/node_modules/@next/swc-win32-arm64-msvc'
155 silly reify ]
156 verbose reify failed optional dependency /Users/rose/Desktop/rosefolio/node_modules/@next/swc-linux-x64-musl
157 silly reify mark deleted [
157 silly reify   '/Users/rose/Desktop/rosefolio/node_modules/@next/swc-linux-x64-musl'
157 silly reify ]
158 verbose reify failed optional dependency /Users/rose/Desktop/rosefolio/node_modules/@next/swc-linux-x64-gnu
159 silly reify mark deleted [
159 silly reify   '/Users/rose/Desktop/rosefolio/node_modules/@next/swc-linux-x64-gnu'
159 silly reify ]
160 verbose reify failed optional dependency /Users/rose/Desktop/rosefolio/node_modules/@next/swc-linux-arm64-musl
161 silly reify mark deleted [
161 silly reify   '/Users/rose/Desktop/rosefolio/node_modules/@next/swc-linux-arm64-musl'
161 silly reify ]
162 verbose reify failed optional dependency /Users/rose/Desktop/rosefolio/node_modules/@next/swc-linux-arm64-gnu
163 silly reify mark deleted [
163 silly reify   '/Users/rose/Desktop/rosefolio/node_modules/@next/swc-linux-arm64-gnu'
163 silly reify ]
164 verbose reify failed optional dependency /Users/rose/Desktop/rosefolio/node_modules/@next/swc-darwin-x64
165 silly reify mark deleted [ '/Users/rose/Desktop/rosefolio/node_modules/@next/swc-darwin-x64' ]
166 verbose reify failed optional dependency /Users/rose/Desktop/rosefolio/node_modules/@img/sharp-win32-x64
167 silly reify mark deleted [ '/Users/rose/Desktop/rosefolio/node_modules/@img/sharp-win32-x64' ]
168 verbose reify failed optional dependency /Users/rose/Desktop/rosefolio/node_modules/@img/sharp-win32-ia32
169 silly reify mark deleted [ '/Users/rose/Desktop/rosefolio/node_modules/@img/sharp-win32-ia32' ]
170 verbose reify failed optional dependency /Users/rose/Desktop/rosefolio/node_modules/@img/sharp-win32-arm64
171 silly reify mark deleted [ '/Users/rose/Desktop/rosefolio/node_modules/@img/sharp-win32-arm64' ]
172 verbose reify failed optional dependency /Users/rose/Desktop/rosefolio/node_modules/@img/sharp-wasm32
173 silly reify mark deleted [ '/Users/rose/Desktop/rosefolio/node_modules/@img/sharp-wasm32' ]
174 verbose reify failed optional dependency /Users/rose/Desktop/rosefolio/node_modules/@img/sharp-linuxmusl-x64
175 silly reify mark deleted [
175 silly reify   '/Users/rose/Desktop/rosefolio/node_modules/@img/sharp-linuxmusl-x64'
175 silly reify ]
176 verbose reify failed optional dependency /Users/rose/Desktop/rosefolio/node_modules/@img/sharp-linuxmusl-arm64
177 silly reify mark deleted [
177 silly reify   '/Users/rose/Desktop/rosefolio/node_modules/@img/sharp-linuxmusl-arm64'
177 silly reify ]
178 verbose reify failed optional dependency /Users/rose/Desktop/rosefolio/node_modules/@img/sharp-linux-x64
179 silly reify mark deleted [ '/Users/rose/Desktop/rosefolio/node_modules/@img/sharp-linux-x64' ]
180 verbose reify failed optional dependency /Users/rose/Desktop/rosefolio/node_modules/@img/sharp-linux-s390x
181 silly reify mark deleted [ '/Users/rose/Desktop/rosefolio/node_modules/@img/sharp-linux-s390x' ]
182 verbose reify failed optional dependency /Users/rose/Desktop/rosefolio/node_modules/@img/sharp-linux-riscv64
183 silly reify mark deleted [
183 silly reify   '/Users/rose/Desktop/rosefolio/node_modules/@img/sharp-linux-riscv64'
183 silly reify ]
184 verbose reify failed optional dependency /Users/rose/Desktop/rosefolio/node_modules/@img/sharp-linux-ppc64
185 silly reify mark deleted [ '/Users/rose/Desktop/rosefolio/node_modules/@img/sharp-linux-ppc64' ]
186 verbose reify failed optional dependency /Users/rose/Desktop/rosefolio/node_modules/@img/sharp-linux-arm64
187 silly reify mark deleted [ '/Users/rose/Desktop/rosefolio/node_modules/@img/sharp-linux-arm64' ]
188 verbose reify failed optional dependency /Users/rose/Desktop/rosefolio/node_modules/@img/sharp-linux-arm
189 silly reify mark deleted [ '/Users/rose/Desktop/rosefolio/node_modules/@img/sharp-linux-arm' ]
190 verbose reify failed optional dependency /Users/rose/Desktop/rosefolio/node_modules/@img/sharp-libvips-linuxmusl-x64
191 silly reify mark deleted [
191 silly reify   '/Users/rose/Desktop/rosefolio/node_modules/@img/sharp-libvips-linuxmusl-x64'
191 silly reify ]
192 verbose reify failed optional dependency /Users/rose/Desktop/rosefolio/node_modules/@img/sharp-libvips-linuxmusl-arm64
193 silly reify mark deleted [
193 silly reify   '/Users/rose/Desktop/rosefolio/node_modules/@img/sharp-libvips-linuxmusl-arm64'
193 silly reify ]
194 verbose reify failed optional dependency /Users/rose/Desktop/rosefolio/node_modules/@img/sharp-libvips-linux-x64
195 silly reify mark deleted [
195 silly reify   '/Users/rose/Desktop/rosefolio/node_modules/@img/sharp-libvips-linux-x64'
195 silly reify ]
196 verbose reify failed optional dependency /Users/rose/Desktop/rosefolio/node_modules/@img/sharp-libvips-linux-s390x
197 silly reify mark deleted [
197 silly reify   '/Users/rose/Desktop/rosefolio/node_modules/@img/sharp-libvips-linux-s390x'
197 silly reify ]
198 verbose reify failed optional dependency /Users/rose/Desktop/rosefolio/node_modules/@img/sharp-libvips-linux-riscv64
199 silly reify mark deleted [
199 silly reify   '/Users/rose/Desktop/rosefolio/node_modules/@img/sharp-libvips-linux-riscv64'
199 silly reify ]
200 verbose reify failed optional dependency /Users/rose/Desktop/rosefolio/node_modules/@img/sharp-libvips-linux-ppc64
201 silly reify mark deleted [
201 silly reify   '/Users/rose/Desktop/rosefolio/node_modules/@img/sharp-libvips-linux-ppc64'
201 silly reify ]
202 verbose reify failed optional dependency /Users/rose/Desktop/rosefolio/node_modules/@img/sharp-libvips-linux-arm64
203 silly reify mark deleted [
203 silly reify   '/Users/rose/Desktop/rosefolio/node_modules/@img/sharp-libvips-linux-arm64'
203 silly reify ]
204 verbose reify failed optional dependency /Users/rose/Desktop/rosefolio/node_modules/@img/sharp-libvips-linux-arm
205 silly reify mark deleted [
205 silly reify   '/Users/rose/Desktop/rosefolio/node_modules/@img/sharp-libvips-linux-arm'
205 silly reify ]
206 verbose reify failed optional dependency /Users/rose/Desktop/rosefolio/node_modules/@img/sharp-libvips-darwin-x64
207 silly reify mark deleted [
207 silly reify   '/Users/rose/Desktop/rosefolio/node_modules/@img/sharp-libvips-darwin-x64'
207 silly reify ]
208 verbose reify failed optional dependency /Users/rose/Desktop/rosefolio/node_modules/@img/sharp-darwin-x64
209 silly reify mark deleted [ '/Users/rose/Desktop/rosefolio/node_modules/@img/sharp-darwin-x64' ]
210 timing reifyNode:node_modules/lightningcss-win32-x64-msvc Completed in 7ms
211 timing reifyNode:node_modules/lightningcss-win32-arm64-msvc Completed in 6ms
212 timing reifyNode:node_modules/lightningcss-linux-x64-musl Completed in 7ms
213 timing reifyNode:node_modules/lightningcss-linux-x64-gnu Completed in 7ms
214 timing reifyNode:node_modules/lightningcss-linux-arm64-musl Completed in 7ms
215 timing reifyNode:node_modules/lightningcss-linux-arm64-gnu Completed in 7ms
216 timing reifyNode:node_modules/lightningcss-linux-arm-gnueabihf Completed in 7ms
217 timing reifyNode:node_modules/lightningcss-freebsd-x64 Completed in 7ms
218 timing reifyNode:node_modules/lightningcss-darwin-x64 Completed in 7ms
219 timing reifyNode:node_modules/lightningcss-android-arm64 Completed in 7ms
220 timing reifyNode:node_modules/@unrs/resolver-binding-win32-x64-msvc Completed in 7ms
221 timing reifyNode:node_modules/@unrs/resolver-binding-win32-ia32-msvc Completed in 7ms
222 timing reifyNode:node_modules/@unrs/resolver-binding-win32-arm64-msvc Completed in 7ms
223 timing reifyNode:node_modules/@unrs/resolver-binding-wasm32-wasi Completed in 7ms
224 timing reifyNode:node_modules/@unrs/resolver-binding-linux-x64-musl Completed in 7ms
225 timing reifyNode:node_modules/@unrs/resolver-binding-linux-x64-gnu Completed in 7ms
226 timing reifyNode:node_modules/@unrs/resolver-binding-linux-s390x-gnu Completed in 7ms
227 timing reifyNode:node_modules/@unrs/resolver-binding-linux-riscv64-musl Completed in 7ms
228 timing reifyNode:node_modules/@unrs/resolver-binding-linux-riscv64-gnu Completed in 7ms
229 timing reifyNode:node_modules/@unrs/resolver-binding-linux-ppc64-gnu Completed in 7ms
230 timing reifyNode:node_modules/@unrs/resolver-binding-linux-arm64-musl Completed in 7ms
231 timing reifyNode:node_modules/@unrs/resolver-binding-linux-arm64-gnu Completed in 7ms
232 timing reifyNode:node_modules/@unrs/resolver-binding-linux-arm-musleabihf Completed in 7ms
233 timing reifyNode:node_modules/@unrs/resolver-binding-linux-arm-gnueabihf Completed in 7ms
234 timing reifyNode:node_modules/@unrs/resolver-binding-freebsd-x64 Completed in 7ms
235 timing reifyNode:node_modules/@unrs/resolver-binding-darwin-x64 Completed in 7ms
236 timing reifyNode:node_modules/@unrs/resolver-binding-android-arm64 Completed in 7ms
237 timing reifyNode:node_modules/@unrs/resolver-binding-android-arm-eabi Completed in 7ms
238 timing reifyNode:node_modules/@tailwindcss/oxide-win32-x64-msvc Completed in 7ms
239 timing reifyNode:node_modules/@tailwindcss/oxide-win32-arm64-msvc Completed in 7ms
240 timing reifyNode:node_modules/@tailwindcss/oxide-linux-x64-musl Completed in 7ms
241 timing reifyNode:node_modules/@tailwindcss/oxide-linux-x64-gnu Completed in 7ms
242 timing reifyNode:node_modules/@tailwindcss/oxide-linux-arm64-musl Completed in 7ms
243 timing reifyNode:node_modules/@tailwindcss/oxide-linux-arm64-gnu Completed in 7ms
244 timing reifyNode:node_modules/@tailwindcss/oxide-linux-arm-gnueabihf Completed in 7ms
245 timing reifyNode:node_modules/@tailwindcss/oxide-freebsd-x64 Completed in 7ms
246 timing reifyNode:node_modules/@tailwindcss/oxide-darwin-x64 Completed in 9ms
247 timing reifyNode:node_modules/@tailwindcss/oxide-android-arm64 Completed in 9ms
248 timing reifyNode:node_modules/@next/swc-win32-x64-msvc Completed in 9ms
249 timing reifyNode:node_modules/@next/swc-win32-arm64-msvc Completed in 9ms
250 timing reifyNode:node_modules/@next/swc-linux-x64-musl Completed in 9ms
251 timing reifyNode:node_modules/@next/swc-linux-x64-gnu Completed in 9ms
252 timing reifyNode:node_modules/@next/swc-linux-arm64-musl Completed in 9ms
253 timing reifyNode:node_modules/@next/swc-linux-arm64-gnu Completed in 9ms
254 timing reifyNode:node_modules/@next/swc-darwin-x64 Completed in 9ms
255 timing reifyNode:node_modules/@img/sharp-win32-x64 Completed in 9ms
256 timing reifyNode:node_modules/@img/sharp-win32-ia32 Completed in 9ms
257 timing reifyNode:node_modules/@img/sharp-win32-arm64 Completed in 9ms
258 timing reifyNode:node_modules/@img/sharp-wasm32 Completed in 9ms
259 timing reifyNode:node_modules/@img/sharp-linuxmusl-x64 Completed in 9ms
260 timing reifyNode:node_modules/@img/sharp-linuxmusl-arm64 Completed in 9ms
261 timing reifyNode:node_modules/@img/sharp-linux-x64 Completed in 9ms
262 timing reifyNode:node_modules/@img/sharp-linux-s390x Completed in 9ms
263 timing reifyNode:node_modules/@img/sharp-linux-riscv64 Completed in 9ms
264 timing reifyNode:node_modules/@img/sharp-linux-ppc64 Completed in 9ms
265 timing reifyNode:node_modules/@img/sharp-linux-arm64 Completed in 9ms
266 timing reifyNode:node_modules/@img/sharp-linux-arm Completed in 9ms
267 timing reifyNode:node_modules/@img/sharp-libvips-linuxmusl-x64 Completed in 9ms
268 timing reifyNode:node_modules/@img/sharp-libvips-linuxmusl-arm64 Completed in 9ms
269 timing reifyNode:node_modules/@img/sharp-libvips-linux-x64 Completed in 9ms
270 timing reifyNode:node_modules/@img/sharp-libvips-linux-s390x Completed in 9ms
271 timing reifyNode:node_modules/@img/sharp-libvips-linux-riscv64 Completed in 9ms
272 timing reifyNode:node_modules/@img/sharp-libvips-linux-ppc64 Completed in 9ms
273 timing reifyNode:node_modules/@img/sharp-libvips-linux-arm64 Completed in 9ms
274 timing reifyNode:node_modules/@img/sharp-libvips-linux-arm Completed in 9ms
275 timing reifyNode:node_modules/@img/sharp-libvips-darwin-x64 Completed in 9ms
276 timing reifyNode:node_modules/@img/sharp-darwin-x64 Completed in 10ms
277 silly tarball no local data for geist@https://registry.npmjs.org/geist/-/geist-1.7.0.tgz. Extracting by manifest.
278 http fetch POST 200 https://registry.npmjs.org/-/npm/v1/security/advisories/bulk 88ms
279 timing auditReport:getReport Completed in 90ms
280 silly audit report {}
281 timing auditReport:init Completed in 0ms
282 timing reify:audit Completed in 90ms
283 http fetch GET 200 https://registry.npmjs.org/geist/-/geist-1.7.0.tgz 423ms (cache miss)
284 timing reifyNode:node_modules/geist Completed in 436ms
285 timing reify:unpack Completed in 436ms
286 timing reify:unretire Completed in 0ms
287 timing build:queue Completed in 1ms
288 timing build:deps Completed in 1ms
289 timing build Completed in 1ms
290 timing reify:build Completed in 1ms
291 timing reify:trash Completed in 3ms
292 timing reify:save Completed in 100ms
293 timing reify Completed in 1514ms
294 silly ADD node_modules/geist
295 silly ADD
296 silly ADD
297 silly ADD
298 silly ADD
299 silly ADD
300 silly ADD
301 silly ADD
302 silly ADD
303 silly ADD
304 silly ADD
305 silly ADD
306 silly ADD
307 silly ADD
308 silly ADD
309 silly ADD
310 silly ADD
311 silly ADD
312 silly ADD
313 silly ADD
314 silly ADD
315 silly ADD
316 silly ADD
317 silly ADD
318 silly ADD
319 silly ADD
320 silly ADD
321 silly ADD
322 silly ADD
323 silly ADD
324 silly ADD
325 silly ADD
326 silly ADD
327 silly ADD
328 silly ADD
329 silly ADD
330 silly ADD
331 silly ADD
332 silly ADD
333 silly ADD
334 silly ADD
335 silly ADD
336 silly ADD
337 silly ADD
338 silly ADD
339 silly ADD
340 silly ADD
341 silly ADD
342 silly ADD
343 silly ADD
344 silly ADD
345 silly ADD
346 silly ADD
347 silly ADD
348 silly ADD
349 silly ADD
350 silly ADD
351 silly ADD
352 silly ADD
353 silly ADD
354 silly ADD
355 silly ADD
356 silly ADD
357 silly ADD
358 silly ADD
359 silly ADD
360 silly ADD
361 silly ADD
362 silly ADD
363 timing command:install Completed in 1518ms
364 verbose exit 0
365 timing npm Completed in 1622ms
366 info ok
